<?xml version="1.0" encoding="utf-8"?>
<TestRun id="670577c6-ff50-4941-8a5a-fff174e53a32" name="runneradmin@runnervmr7g38 2026-07-25 12:04:10" runUser="runnervmr7g38\runneradmin" xmlns="http://microsoft.com/schemas/VisualStudio/TeamTest/2010">
  <Times creation="2026-07-25T12:04:10.9430356+00:00" queuing="2026-07-25T12:04:10.9430358+00:00" start="2026-07-25T12:04:10.1147286+00:00" finish="2026-07-25T12:04:12.2183912+00:00" />
  <TestSettings name="default" id="556f81f6-b2bf-4046-956e-ae8069a210c4">
    <Deployment runDeploymentRoot="runneradmin_runnervmr7g38_2026-07-25_12_04_10" />
  </TestSettings>
  <Results>
    <UnitTestResult executionId="5d491e40-0430-48c6-a93d-6cc120c89338" testId="1c02c2d6-374c-d1e6-b26d-4a8263c78d04" testName="DuplicateCopiesTuningWithNewIdentity" computerName="runnervmr7g38" duration="00:00:00.0007152" startTime="2026-07-25T12:04:12.0930462+00:00" endTime="2026-07-25T12:04:12.0938299+00:00" testType="13cdc9d9-ddb5-4fa4-a97d-d965ccfc6d4b" outcome="Passed" testListId="8c84fa94-04c1-424b-9868-57a2d4851a1d" relativeResultsDirectory="5d491e40-0430-48c6-a93d-6cc120c89338" />
    <UnitTestResult executionId="a2823de5-b2ea-4262-b212-b149ab2f6c66" testId="aa64230d-e102-8d06-2174-95fa3e4490b6" testName="ForegroundTrackerPublishesOnlyRealHandleChanges" computerName="runnervmr7g38" duration="00:00:00.0005482" startTime="2026-07-25T12:04:11.8952365+00:00" endTime="2026-07-25T12:04:11.8958774+00:00" testType="13cdc9d9-ddb5-4fa4-a97d-d965ccfc6d4b" outcome="Passed" testListId="8c84fa94-04c1-424b-9868-57a2d4851a1d" relativeResultsDirectory="a2823de5-b2ea-4262-b212-b149ab2f6c66" />
    <UnitTestResult executionId="e56ee6eb-fd5c-43c0-804d-1ae0d1d2ca7d" testId="f8fd2133-c16c-9b9a-d87c-f05b5c6e5581" testName="ResolverMatchesPathCaseInsensitively" computerName="runnervmr7g38" duration="00:00:00.0001697" startTime="2026-07-25T12:04:12.1390411+00:00" endTime="2026-07-25T12:04:12.1392729+00:00" testType="13cdc9d9-ddb5-4fa4-a97d-d965ccfc6d4b" outcome="Passed" testListId="8c84fa94-04c1-424b-9868-57a2d4851a1d" relativeResultsDirectory="e56ee6eb-fd5c-43c0-804d-1ae0d1d2ca7d" />
    <UnitTestResult executionId="323ee155-de66-4488-a9b3-3e8153cd4f53" testId="a704723c-ab25-9d3b-f352-3831630b803b" testName="EmptyMessagesAreNormalizedByStateKind" computerName="runnervmr7g38" duration="00:00:00.0001654" startTime="2026-07-25T12:04:10.8937899+00:00" endTime="2026-07-25T12:04:10.8940605+00:00" testType="13cdc9d9-ddb5-4fa4-a97d-d965ccfc6d4b" outcome="Passed" testListId="8c84fa94-04c1-424b-9868-57a2d4851a1d" relativeResultsDirectory="323ee155-de66-4488-a9b3-3e8153cd4f53" />
    <UnitTestResult executionId="2598aa41-7b4a-4b7e-b647-b34c034b100b" testId="8c823bde-8b78-449a-10cb-aae4dd7e7774" testName="SetReportsWhetherPersistedModeChanged" computerName="runnervmr7g38" duration="00:00:00.0002820" startTime="2026-07-25T12:04:11.0192587+00:00" endTime="2026-07-25T12:04:11.0197033+00:00" testType="13cdc9d9-ddb5-4fa4-a97d-d965ccfc6d4b" outcome="Passed" testListId="8c84fa94-04c1-424b-9868-57a2d4851a1d" relativeResultsDirectory="2598aa41-7b4a-4b7e-b647-b34c034b100b" />
    <UnitTestResult executionId="95893217-f34b-4d82-a03a-27e3e5f3058f" testId="db087d32-206a-6c60-743c-3ee4d5ef4e8b" testName="IdenticalStateDoesNotRaiseDuplicateEvent" computerName="runnervmr7g38" duration="00:00:00.0002383" startTime="2026-07-25T12:04:10.8890440+00:00" endTime="2026-07-25T12:04:10.8893903+00:00" testType="13cdc9d9-ddb5-4fa4-a97d-d965ccfc6d4b" outcome="Passed" testListId="8c84fa94-04c1-424b-9868-57a2d4851a1d" relativeResultsDirectory="95893217-f34b-4d82-a03a-27e3e5f3058f" />
    <UnitTestResult executionId="a8fed8d6-6385-4003-9971-219fe36a2754" testId="35138bd3-6276-2a4d-e7d1-81d8c4e93515" testName="ExplicitMenuProfileOverridesApplicationProfile" computerName="runnervmr7g38" duration="00:00:00.0004310" startTime="2026-07-25T12:04:11.8634818+00:00" endTime="2026-07-25T12:04:11.8640177+00:00" testType="13cdc9d9-ddb5-4fa4-a97d-d965ccfc6d4b" outcome="Passed" testListId="8c84fa94-04c1-424b-9868-57a2d4851a1d" relativeResultsDirectory="a8fed8d6-6385-4003-9971-219fe36a2754" />
    <UnitTestResult executionId="4b2eace0-4ad5-40bf-8f19-f66580faa0ca" testId="8f971d1a-205a-d8d3-0bce-1ebcbfe160cb" testName="SaveWritesCurrentSchemaWithoutLegacyEffect" computerName="runnervmr7g38" duration="00:00:00.0035820" startTime="2026-07-25T12:04:12.0367294+00:00" endTime="2026-07-25T12:04:12.0404060+00:00" testType="13cdc9d9-ddb5-4fa4-a97d-d965ccfc6d4b" outcome="Passed" testListId="8c84fa94-04c1-424b-9868-57a2d4851a1d" relativeResultsDirectory="4b2eace0-4ad5-40bf-8f19-f66580faa0ca" />
    <UnitTestResult executionId="18f4ba2b-5603-4cc3-9745-0fb0aa9bbe44" testId="2f7d45b5-6c73-8eff-77a3-7cce8eafde27" testName="MissingProfileFallsBackToDefaultInvert" computerName="runnervmr7g38" duration="00:00:00.0000569" startTime="2026-07-25T12:04:12.1395431+00:00" endTime="2026-07-25T12:04:12.1396397+00:00" testType="13cdc9d9-ddb5-4fa4-a97d-d965ccfc6d4b" outcome="Passed" testListId="8c84fa94-04c1-424b-9868-57a2d4851a1d" relativeResultsDirectory="18f4ba2b-5603-4cc3-9745-0fb0aa9bbe44" />
    <UnitTestResult executionId="488f9112-29e7-4c70-a6bf-16dc8334dcd5" testId="692c7794-3583-a5d5-25ae-dc19ab900912" testName="OverlayControllerRetargetsExistingResource" computerName="runnervmr7g38" duration="00:00:00.0006912" startTime="2026-07-25T12:04:11.9054013+00:00" endTime="2026-07-25T12:04:11.9061934+00:00" testType="13cdc9d9-ddb5-4fa4-a97d-d965ccfc6d4b" outcome="Passed" testListId="8c84fa94-04c1-424b-9868-57a2d4851a1d" relativeResultsDirectory="488f9112-29e7-4c70-a6bf-16dc8334dcd5" />
    <UnitTestResult executionId="d81c90bb-c329-4ba7-94a4-f930efdf3230" testId="8190f690-2869-e6ee-12a5-e15bb38c8da2" testName="TogglePreservesValidCustomProfile" computerName="runnervmr7g38" duration="00:00:00.0004221" startTime="2026-07-25T12:04:10.8256222+00:00" endTime="2026-07-25T12:04:10.8261566+00:00" testType="13cdc9d9-ddb5-4fa4-a97d-d965ccfc6d4b" outcome="Passed" testListId="8c84fa94-04c1-424b-9868-57a2d4851a1d" relativeResultsDirectory="d81c90bb-c329-4ba7-94a4-f930efdf3230" />
    <UnitTestResult executionId="5021dea0-38b7-4427-9b4b-e3ec74849394" testId="f097925c-1d11-554a-643b-91f9791ffcc4" testName="MigratesLegacyEffectToVisualProfileAssignment" computerName="runnervmr7g38" duration="00:00:00.0024521" startTime="2026-07-25T12:04:12.0340528+00:00" endTime="2026-07-25T12:04:12.0366912+00:00" testType="13cdc9d9-ddb5-4fa4-a97d-d965ccfc6d4b" outcome="Passed" testListId="8c84fa94-04c1-424b-9868-57a2d4851a1d" relativeResultsDirectory="5021dea0-38b7-4427-9b4b-e3ec74849394" />
    <UnitTestResult executionId="7683c0e7-eec4-4c88-87c5-3faf2ef5dc04" testId="1632b625-3c83-0f96-9efe-48d986d5dc3a" testName="IdentityCacheRejectsReusedPidFromDifferentProcessLifetime" computerName="runnervmr7g38" duration="00:00:00.0005320" startTime="2026-07-25T12:04:11.9047390+00:00" endTime="2026-07-25T12:04:11.9053679+00:00" testType="13cdc9d9-ddb5-4fa4-a97d-d965ccfc6d4b" outcome="Passed" testListId="8c84fa94-04c1-424b-9868-57a2d4851a1d" relativeResultsDirectory="7683c0e7-eec4-4c88-87c5-3faf2ef5dc04" />
    <UnitTestResult executionId="fb605f4b-275e-40eb-8c5c-4851717f43ff" testId="2335caca-a206-98fd-8dbb-4a65b3a3ab13" testName="EnableAndDisableShareOneMutationBoundary" computerName="runnervmr7g38" duration="00:00:00.0001979" startTime="2026-07-25T12:04:11.0197352+00:00" endTime="2026-07-25T12:04:11.0200010+00:00" testType="13cdc9d9-ddb5-4fa4-a97d-d965ccfc6d4b" outcome="Passed" testListId="8c84fa94-04c1-424b-9868-57a2d4851a1d" relativeResultsDirectory="fb605f4b-275e-40eb-8c5c-4851717f43ff" />
    <UnitTestResult executionId="7986f5c4-b989-4b34-9352-6cf7531c11f2" testId="93b38d5b-369f-e079-2a7a-d9ed3b74337f" testName="NormalizeCanonicalizesBuiltInsAndPreservesSoftTuning" computerName="runnervmr7g38" duration="00:00:00.0005136" startTime="2026-07-25T12:04:12.0549914+00:00" endTime="2026-07-25T12:04:12.0556028+00:00" testType="13cdc9d9-ddb5-4fa4-a97d-d965ccfc6d4b" outcome="Passed" testListId="8c84fa94-04c1-424b-9868-57a2d4851a1d" relativeResultsDirectory="7986f5c4-b989-4b34-9352-6cf7531c11f2" />
    <UnitTestResult executionId="97c443cb-eb01-4af4-aa84-61005289a10f" testId="5cf6c1e8-1d1b-abe1-e066-6bdf74b3eff9" testName="AvailableNameAddsDeterministicSuffix" computerName="runnervmr7g38" duration="00:00:00.0001382" startTime="2026-07-25T12:04:12.0997212+00:00" endTime="2026-07-25T12:04:12.0999302+00:00" testType="13cdc9d9-ddb5-4fa4-a97d-d965ccfc6d4b" outcome="Passed" testListId="8c84fa94-04c1-424b-9868-57a2d4851a1d" relativeResultsDirectory="97c443cb-eb01-4af4-aa84-61005289a10f" />
    <UnitTestResult executionId="e9c4a5ec-a038-482b-a692-5bd3b2a141c2" testId="354a8842-7c26-e551-3462-303e51bd7efc" testName="ReassignVisualProfileUpdatesAllMatchingAssignments" computerName="runnervmr7g38" duration="00:00:00.0006457" startTime="2026-07-25T12:04:10.8265405+00:00" endTime="2026-07-25T12:04:10.8273516+00:00" testType="13cdc9d9-ddb5-4fa4-a97d-d965ccfc6d4b" outcome="Passed" testListId="8c84fa94-04c1-424b-9868-57a2d4851a1d" relativeResultsDirectory="e9c4a5ec-a038-482b-a692-5bd3b2a141c2" />
    <UnitTestResult executionId="52ffdee0-c685-4ae4-b7a5-ff02990fc834" testId="e2815144-fa83-f5a5-c202-04efcd06e7ab" testName="DisplayVersionOmitsBuildMetadata (&quot;0.5.0.22&quot;,&quot;0.5.0.22&quot;)" computerName="runnervmr7g38" duration="00:00:00.0003172" startTime="2026-07-25T12:04:11.9074581+00:00" endTime="2026-07-25T12:04:11.9079354+00:00" testType="13cdc9d9-ddb5-4fa4-a97d-d965ccfc6d4b" outcome="Passed" testListId="8c84fa94-04c1-424b-9868-57a2d4851a1d" relativeResultsDirectory="52ffdee0-c685-4ae4-b7a5-ff02990fc834" />
    <UnitTestResult executionId="60c28aa7-5ff9-4c13-b203-480bcf63233b" testId="255fde63-e51c-869d-bee2-f3bd6194b4e2" testName="DetachedProfilesCannotBeMutatedThroughLifecycleAuthority" computerName="runnervmr7g38" duration="00:00:00.0002344" startTime="2026-07-25T12:04:12.0954690+00:00" endTime="2026-07-25T12:04:12.0957686+00:00" testType="13cdc9d9-ddb5-4fa4-a97d-d965ccfc6d4b" outcome="Passed" testListId="8c84fa94-04c1-424b-9868-57a2d4851a1d" relativeResultsDirectory="60c28aa7-5ff9-4c13-b203-480bcf63233b" />
    <UnitTestResult executionId="6a53f8fe-17b6-42a6-8f8e-a7a32f07c14c" testId="ab939fe5-6fbd-45dd-962b-9086879e2396" testName="SameProcessOrGuiThreadAssociatesMenu" computerName="runnervmr7g38" duration="00:00:00.0001362" startTime="2026-07-25T12:04:12.1427877+00:00" endTime="2026-07-25T12:04:12.1429723+00:00" testType="13cdc9d9-ddb5-4fa4-a97d-d965ccfc6d4b" outcome="Passed" testListId="8c84fa94-04c1-424b-9868-57a2d4851a1d" relativeResultsDirectory="6a53f8fe-17b6-42a6-8f8e-a7a32f07c14c" />
    <UnitTestResult executionId="5d0ee832-1d79-41bb-ba45-5d889fbd72ad" testId="811da0c8-84d5-368a-aad0-bac632f34d6a" testName="DisplayVersionOmitsBuildMetadata (&quot; 0.5.0.22+abcdef &quot;,&quot;0.5.0.22&quot;)" computerName="runnervmr7g38" duration="00:00:00.0000080" startTime="2026-07-25T12:04:11.9080269+00:00" endTime="2026-07-25T12:04:11.9081803+00:00" testType="13cdc9d9-ddb5-4fa4-a97d-d965ccfc6d4b" outcome="Passed" testListId="8c84fa94-04c1-424b-9868-57a2d4851a1d" relativeResultsDirectory="5d0ee832-1d79-41bb-ba45-5d889fbd72ad" />
    <UnitTestResult executionId="0b3d15e5-2bc1-44d9-afc1-02cc0729628e" testId="310355da-ce53-bd62-4a5f-2f7e18e41293" testName="DisplayVersionOmitsBuildMetadata (&quot;&quot;,&quot;Unknown&quot;)" computerName="runnervmr7g38" duration="00:00:00.0000048" startTime="2026-07-25T12:04:11.9082122+00:00" endTime="2026-07-25T12:04:11.9083191+00:00" testType="13cdc9d9-ddb5-4fa4-a97d-d965ccfc6d4b" outcome="Passed" testListId="8c84fa94-04c1-424b-9868-57a2d4851a1d" relativeResultsDirectory="0b3d15e5-2bc1-44d9-afc1-02cc0729628e" />
    <UnitTestResult executionId="4a6ab411-de21-4c09-8760-5f2189e30d56" testId="d522f3e9-86a8-79d9-704b-570547a8e28f" testName="ProfileChangeOnSameTargetIsARealTransition" computerName="runnervmr7g38" duration="00:00:00.0011043" startTime="2026-07-25T12:04:10.8877826+00:00" endTime="2026-07-25T12:04:10.8889923+00:00" testType="13cdc9d9-ddb5-4fa4-a97d-d965ccfc6d4b" outcome="Passed" testListId="8c84fa94-04c1-424b-9868-57a2d4851a1d" relativeResultsDirectory="4a6ab411-de21-4c09-8760-5f2189e30d56" />
    <UnitTestResult executionId="c41c9bcf-ed3a-4d6d-97ce-b641b7a2af11" testId="2ab3d337-0924-833e-c37f-62e312817cc2" testName="SliderWithoutNeutralUsesLinearMapping" computerName="runnervmr7g38" duration="00:00:00.0017589" startTime="2026-07-25T12:04:11.9620054+00:00" endTime="2026-07-25T12:04:11.9638500+00:00" testType="13cdc9d9-ddb5-4fa4-a97d-d965ccfc6d4b" outcome="Passed" testListId="8c84fa94-04c1-424b-9868-57a2d4851a1d" relativeResultsDirectory="c41c9bcf-ed3a-4d6d-97ce-b641b7a2af11" />
    <UnitTestResult executionId="aa4ebadd-5624-4b5a-b5c2-179ca78be890" testId="3e10d20e-f5ad-48eb-feed-7d97b70b4fec" testName="CatalogRejectsUnknownTransform" computerName="runnervmr7g38" duration="00:00:00.0002456" startTime="2026-07-25T12:04:12.1386852+00:00" endTime="2026-07-25T12:04:12.1390103+00:00" testType="13cdc9d9-ddb5-4fa4-a97d-d965ccfc6d4b" outcome="Passed" testListId="8c84fa94-04c1-424b-9868-57a2d4851a1d" relativeResultsDirectory="aa4ebadd-5624-4b5a-b5c2-179ca78be890" />
    <UnitTestResult executionId="fe278132-d3f6-4fbc-95d1-2e90fbb3ea02" testId="6dcfda0d-e67f-5bfa-f8fd-90dfeeb02b35" testName="ValidWebAddressUsesShellExecution" computerName="runnervmr7g38" duration="00:00:00.0009922" startTime="2026-07-25T12:04:12.0624911+00:00" endTime="2026-07-25T12:04:12.0637066+00:00" testType="13cdc9d9-ddb5-4fa4-a97d-d965ccfc6d4b" outcome="Passed" testListId="8c84fa94-04c1-424b-9868-57a2d4851a1d" relativeResultsDirectory="fe278132-d3f6-4fbc-95d1-2e90fbb3ea02" />
    <UnitTestResult executionId="6bcba824-a127-425f-bba8-4e782474b8c9" testId="a218f370-f83c-7fd4-e63d-21772c255251" testName="DetachedAssignmentCannotBeMutatedOrRemoved" computerName="runnervmr7g38" duration="00:00:00.0002416" startTime="2026-07-25T12:04:10.8261908+00:00" endTime="2026-07-25T12:04:10.8265117+00:00" testType="13cdc9d9-ddb5-4fa4-a97d-d965ccfc6d4b" outcome="Passed" testListId="8c84fa94-04c1-424b-9868-57a2d4851a1d" relativeResultsDirectory="6bcba824-a127-425f-bba8-4e782474b8c9" />
    <UnitTestResult executionId="7580a713-7a4d-459c-8746-5d0a95090476" testId="8dbe77d8-38ed-e9a6-b40e-b6b4b9bd1d08" testName="UpdateTuningClampsValuesBeforePersisting" computerName="runnervmr7g38" duration="00:00:00.0002058" startTime="2026-07-25T12:04:12.1401116+00:00" endTime="2026-07-25T12:04:12.1404916+00:00" testType="13cdc9d9-ddb5-4fa4-a97d-d965ccfc6d4b" outcome="Passed" testListId="8c84fa94-04c1-424b-9868-57a2d4851a1d" relativeResultsDirectory="7580a713-7a4d-459c-8746-5d0a95090476" />
    <UnitTestResult executionId="72c6d419-2e5a-4310-8ac4-807baa93f9e4" testId="9ea16ea3-6cc8-2166-80d9-c7922fd4008e" testName="NativePopupMenuClassIsExact" computerName="runnervmr7g38" duration="00:00:00.0001027" startTime="2026-07-25T12:04:12.1425698+00:00" endTime="2026-07-25T12:04:12.1427640+00:00" testType="13cdc9d9-ddb5-4fa4-a97d-d965ccfc6d4b" outcome="Passed" testListId="8c84fa94-04c1-424b-9868-57a2d4851a1d" relativeResultsDirectory="72c6d419-2e5a-4310-8ac4-807baa93f9e4" />
    <UnitTestResult executionId="400480a1-7d1e-42f4-ab1b-7a85606cffcb" testId="7026cc66-59b1-42b4-2835-f9575fc7f56c" testName="NormalizeReidentifiesDuplicateProfilesWithoutDroppingThem" computerName="runnervmr7g38" duration="00:00:00.0006708" startTime="2026-07-25T12:04:12.0556431+00:00" endTime="2026-07-25T12:04:12.0564080+00:00" testType="13cdc9d9-ddb5-4fa4-a97d-d965ccfc6d4b" outcome="Passed" testListId="8c84fa94-04c1-424b-9868-57a2d4851a1d" relativeResultsDirectory="400480a1-7d1e-42f4-ab1b-7a85606cffcb" />
    <UnitTestResult executionId="0074fc69-65f0-4cce-921b-e31ee201ba2c" testId="ff367fe2-1a17-7a10-008f-7cd530017efe" testName="EnablingAutomaticModeWithSettingsEventActivatesOverlayOnce" computerName="runnervmr7g38" duration="00:00:00.0051306" startTime="2026-07-25T12:04:12.0024621+00:00" endTime="2026-07-25T12:04:12.0077234+00:00" testType="13cdc9d9-ddb5-4fa4-a97d-d965ccfc6d4b" outcome="Passed" testListId="8c84fa94-04c1-424b-9868-57a2d4851a1d" relativeResultsDirectory="0074fc69-65f0-4cce-921b-e31ee201ba2c" />
    <UnitTestResult executionId="6ee64945-b236-4b14-8264-6dfb2682bde7" testId="fd14d286-c892-adff-d6d8-8aecb065de81" testName="BuiltInProfilesCannotBeRenamedOrDeleted" computerName="runnervmr7g38" duration="00:00:00.0003017" startTime="2026-07-25T12:04:12.0950539+00:00" endTime="2026-07-25T12:04:12.0954387+00:00" testType="13cdc9d9-ddb5-4fa4-a97d-d965ccfc6d4b" outcome="Passed" testListId="8c84fa94-04c1-424b-9868-57a2d4851a1d" relativeResultsDirectory="6ee64945-b236-4b14-8264-6dfb2682bde7" />
    <UnitTestResult executionId="1c35ca3c-e2c1-4fc4-9977-c532987ccd82" testId="b8e26af1-02d3-c984-acb9-48d279df8b10" testName="NormalizeRepairsUnknownTransformsAndDuplicateNames" computerName="runnervmr7g38" duration="00:00:00.0005155" startTime="2026-07-25T12:04:12.0564494+00:00" endTime="2026-07-25T12:04:12.0570627+00:00" testType="13cdc9d9-ddb5-4fa4-a97d-d965ccfc6d4b" outcome="Passed" testListId="8c84fa94-04c1-424b-9868-57a2d4851a1d" relativeResultsDirectory="1c35ca3c-e2c1-4fc4-9977-c532987ccd82" />
    <UnitTestResult executionId="b22b638d-baa2-4a2c-ae2d-c5291317f03d" testId="5941a391-4169-2ed4-167a-3c783a1f7a86" testName="SelectorPolicyRoundTripsInheritance" computerName="runnervmr7g38" duration="00:00:00.0000902" startTime="2026-07-25T12:04:11.8800724+00:00" endTime="2026-07-25T12:04:11.8802512+00:00" testType="13cdc9d9-ddb5-4fa4-a97d-d965ccfc6d4b" outcome="Passed" testListId="8c84fa94-04c1-424b-9868-57a2d4851a1d" relativeResultsDirectory="b22b638d-baa2-4a2c-ae2d-c5291317f03d" />
    <UnitTestResult executionId="ef129182-7ec1-4faf-b16e-33a4a7a52782" testId="e482d1da-ffa7-9a0f-d1b1-6c65ce306a03" testName="RepeatedLifecycleAndAssignmentMutationsRemainConsistent" computerName="runnervmr7g38" duration="00:00:00.0010944" startTime="2026-07-25T12:04:11.8859840+00:00" endTime="2026-07-25T12:04:11.8871869+00:00" testType="13cdc9d9-ddb5-4fa4-a97d-d965ccfc6d4b" outcome="Passed" testListId="8c84fa94-04c1-424b-9868-57a2d4851a1d" relativeResultsDirectory="ef129182-7ec1-4faf-b16e-33a4a7a52782" />
    <UnitTestResult executionId="4c1f29b7-8b5b-4f4f-8ebd-f41f9e647775" testId="0d792976-6028-ca7a-9c4f-475a2be31076" testName="NewApplicationDefaultsToClientArea" computerName="runnervmr7g38" duration="00:00:00.0001134" startTime="2026-07-25T12:04:11.8896185+00:00" endTime="2026-07-25T12:04:11.8898394+00:00" testType="13cdc9d9-ddb5-4fa4-a97d-d965ccfc6d4b" outcome="Passed" testListId="8c84fa94-04c1-424b-9868-57a2d4851a1d" relativeResultsDirectory="4c1f29b7-8b5b-4f4f-8ebd-f41f9e647775" />
    <UnitTestResult executionId="75c32f53-db20-49b3-bc82-01db15b1f4d8" testId="0d918c04-c95e-e2d0-22b3-8756bdaafc4e" testName="RequiredVisualProfileReportsMissingSelection" computerName="runnervmr7g38" duration="00:00:00.0001341" startTime="2026-07-25T12:04:11.9525801+00:00" endTime="2026-07-25T12:04:11.9527786+00:00" testType="13cdc9d9-ddb5-4fa4-a97d-d965ccfc6d4b" outcome="Passed" testListId="8c84fa94-04c1-424b-9868-57a2d4851a1d" relativeResultsDirectory="75c32f53-db20-49b3-bc82-01db15b1f4d8" />
    <UnitTestResult executionId="dfc4e276-cde5-4d10-9cd8-46c10970dfe4" testId="50acdfb6-5f51-292d-39f0-abb9e08d45b4" testName="ProfileTogglePreservesCustomProfile" computerName="runnervmr7g38" duration="00:00:00.0001249" startTime="2026-07-25T12:04:12.1397709+00:00" endTime="2026-07-25T12:04:12.1399372+00:00" testType="13cdc9d9-ddb5-4fa4-a97d-d965ccfc6d4b" outcome="Passed" testListId="8c84fa94-04c1-424b-9868-57a2d4851a1d" relativeResultsDirectory="dfc4e276-cde5-4d10-9cd8-46c10970dfe4" />
    <UnitTestResult executionId="8340b388-d03a-4b50-9938-16fb4ac9893a" testId="2d35b9c3-a66d-8827-fd38-4735a0ae717a" testName="BuiltInProfilesExposeReadableDisplayNames" computerName="runnervmr7g38" duration="00:00:00.0002440" startTime="2026-07-25T12:04:12.1363275+00:00" endTime="2026-07-25T12:04:12.1366594+00:00" testType="13cdc9d9-ddb5-4fa4-a97d-d965ccfc6d4b" outcome="Passed" testListId="8c84fa94-04c1-424b-9868-57a2d4851a1d" relativeResultsDirectory="8340b388-d03a-4b50-9938-16fb4ac9893a" />
    <UnitTestResult executionId="06ee4c65-a215-42a4-913d-8228587f9af5" testId="22f2198a-ae26-5961-db8d-7f3b6caf2c2a" testName="DefinitionsCreateConfiguredSliders" computerName="runnervmr7g38" duration="00:00:00.0043837" startTime="2026-07-25T12:04:12.0691263+00:00" endTime="2026-07-25T12:04:12.0736040+00:00" testType="13cdc9d9-ddb5-4fa4-a97d-d965ccfc6d4b" outcome="Passed" testListId="8c84fa94-04c1-424b-9868-57a2d4851a1d" relativeResultsDirectory="06ee4c65-a215-42a4-913d-8228587f9af5" />
    <UnitTestResult executionId="41bb5e86-b211-4531-a5c1-a96001ccc38f" testId="0f1c2cdd-78fc-5c30-6aee-82342f770f1a" testName="UnsetMenuProfileFlowsAsPrimaryProfile" computerName="runnervmr7g38" duration="00:00:00.0021153" startTime="2026-07-25T12:04:12.0151026+00:00" endTime="2026-07-25T12:04:12.0173251+00:00" testType="13cdc9d9-ddb5-4fa4-a97d-d965ccfc6d4b" outcome="Passed" testListId="8c84fa94-04c1-424b-9868-57a2d4851a1d" relativeResultsDirectory="41bb5e86-b211-4531-a5c1-a96001ccc38f" />
    <UnitTestResult executionId="e003531e-3324-4a58-9416-013fdff7e76f" testId="9c53992c-7136-d699-0b04-a7f88ee10636" testName="StartsInactive" computerName="runnervmr7g38" duration="00:00:00.0011838" startTime="2026-07-25T12:04:10.8853591+00:00" endTime="2026-07-25T12:04:10.8867444+00:00" testType="13cdc9d9-ddb5-4fa4-a97d-d965ccfc6d4b" outcome="Passed" testListId="8c84fa94-04c1-424b-9868-57a2d4851a1d" relativeResultsDirectory="e003531e-3324-4a58-9416-013fdff7e76f" />
    <UnitTestResult executionId="ae11c522-bb2f-4638-9779-9760c24aa8e2" testId="d6e75e7e-8b99-9624-e6b1-0220ba9f53e4" testName="OverlayScopeSelectionCommitsOnlySelectedApplication" computerName="runnervmr7g38" duration="00:00:00.1486827" startTime="2026-07-25T12:04:11.6117413+00:00" endTime="2026-07-25T12:04:11.7606012+00:00" testType="13cdc9d9-ddb5-4fa4-a97d-d965ccfc6d4b" outcome="Passed" testListId="8c84fa94-04c1-424b-9868-57a2d4851a1d" relativeResultsDirectory="ae11c522-bb2f-4638-9779-9760c24aa8e2" />
    <UnitTestResult executionId="962bb913-1ebe-4a48-9aa0-cb9d93ae1f75" testId="b368602b-f94c-0216-8615-3f4ec5d20509" testName="CommitReturnsValueFromPublishedCandidate" computerName="runnervmr7g38" duration="00:00:00.0023827" startTime="2026-07-25T12:04:12.0315414+00:00" endTime="2026-07-25T12:04:12.0340139+00:00" testType="13cdc9d9-ddb5-4fa4-a97d-d965ccfc6d4b" outcome="Passed" testListId="8c84fa94-04c1-424b-9868-57a2d4851a1d" relativeResultsDirectory="962bb913-1ebe-4a48-9aa0-cb9d93ae1f75" />
    <UnitTestResult executionId="840190fb-d2fc-4908-85b6-52e056b8807d" testId="f721ee91-a5cb-2539-b2aa-1325e787b768" testName="NonSelectorArgumentErrorIsNotSuppressed" computerName="runnervmr7g38" duration="00:00:00.0000966" startTime="2026-07-25T12:04:10.8803786+00:00" endTime="2026-07-25T12:04:10.8806438+00:00" testType="13cdc9d9-ddb5-4fa4-a97d-d965ccfc6d4b" outcome="Passed" testListId="8c84fa94-04c1-424b-9868-57a2d4851a1d" relativeResultsDirectory="840190fb-d2fc-4908-85b6-52e056b8807d" />
    <UnitTestResult executionId="8f803218-8d5c-443e-abc9-074dc12cacb3" testId="0e1cf06c-fe29-c7a1-bc58-2b3cc8ac3a3b" testName="ProfileSelectionCommitsWithoutRebuildingActiveGrid" computerName="runnervmr7g38" duration="00:00:00.4588057" startTime="2026-07-25T12:04:11.0213009+00:00" endTime="2026-07-25T12:04:11.4803088+00:00" testType="13cdc9d9-ddb5-4fa4-a97d-d965ccfc6d4b" outcome="Passed" testListId="8c84fa94-04c1-424b-9868-57a2d4851a1d" relativeResultsDirectory="8f803218-8d5c-443e-abc9-074dc12cacb3" />
    <UnitTestResult executionId="09f81c2c-1768-4a8e-afe7-20cd9d50d63b" testId="30dda173-f1eb-097b-4916-aa12b2ffaa4d" testName="ProfileNameResolutionUsesSharedFallback" computerName="runnervmr7g38" duration="00:00:00.0001691" startTime="2026-07-25T12:04:11.9528042+00:00" endTime="2026-07-25T12:04:11.9530336+00:00" testType="13cdc9d9-ddb5-4fa4-a97d-d965ccfc6d4b" outcome="Passed" testListId="8c84fa94-04c1-424b-9868-57a2d4851a1d" relativeResultsDirectory="09f81c2c-1768-4a8e-afe7-20cd9d50d63b" />
    <UnitTestResult executionId="0081a120-318c-4484-ae57-82ac427519fa" testId="13c8de5f-bcaf-383f-e678-762493723579" testName="MissingMenuReferenceRepairsToInheritance" computerName="runnervmr7g38" duration="00:00:00.0003248" startTime="2026-07-25T12:04:11.8650229+00:00" endTime="2026-07-25T12:04:11.8654483+00:00" testType="13cdc9d9-ddb5-4fa4-a97d-d965ccfc6d4b" outcome="Passed" testListId="8c84fa94-04c1-424b-9868-57a2d4851a1d" relativeResultsDirectory="0081a120-318c-4484-ae57-82ac427519fa" />
    <UnitTestResult executionId="5bde2f31-334d-4b88-a2a7-f0d5d8fb9b87" testId="f6cea487-f215-0076-c7b7-646746f28a78" testName="SoftInvertComposesContrastAndBrightness" computerName="runnervmr7g38" duration="00:00:00.0000822" startTime="2026-07-25T12:04:12.1374410+00:00" endTime="2026-07-25T12:04:12.1375700+00:00" testType="13cdc9d9-ddb5-4fa4-a97d-d965ccfc6d4b" outcome="Passed" testListId="8c84fa94-04c1-424b-9868-57a2d4851a1d" relativeResultsDirectory="5bde2f31-334d-4b88-a2a7-f0d5d8fb9b87" />
    <UnitTestResult executionId="919cfadd-52c5-42f9-80d7-897421a5795c" testId="f755d98e-0f00-761a-98f8-942f3852103b" testName="InvalidPersistedScopeIsRecoveredBySettingsNormalization" computerName="runnervmr7g38" duration="00:00:00.0003936" startTime="2026-07-25T12:04:11.8942183+00:00" endTime="2026-07-25T12:04:11.8947044+00:00" testType="13cdc9d9-ddb5-4fa4-a97d-d965ccfc6d4b" outcome="Passed" testListId="8c84fa94-04c1-424b-9868-57a2d4851a1d" relativeResultsDirectory="919cfadd-52c5-42f9-80d7-897421a5795c" />
    <UnitTestResult executionId="0b7711bc-42b6-4ef2-8f77-d9341fb91a72" testId="3a49ddaf-bf7c-06d8-bfb1-3227425297b2" testName="DiagnosticContainsRowColumnPathAndContext" computerName="runnervmr7g38" duration="00:00:00.0044349" startTime="2026-07-25T12:04:10.8807113+00:00" endTime="2026-07-25T12:04:10.8852949+00:00" testType="13cdc9d9-ddb5-4fa4-a97d-d965ccfc6d4b" outcome="Passed" testListId="8c84fa94-04c1-424b-9868-57a2d4851a1d" relativeResultsDirectory="0b7711bc-42b6-4ef2-8f77-d9341fb91a72" />
    <UnitTestResult executionId="21fa3755-ae89-402a-8473-c72281f37db0" testId="5f9e72cb-384a-bc0c-aed3-e44aad3190b8" testName="ProfileEditorDeclaresEveryNeutralPointExplicitly" computerName="runnervmr7g38" duration="00:00:00.0217173" startTime="2026-07-25T12:04:11.9638844+00:00" endTime="2026-07-25T12:04:11.9857153+00:00" testType="13cdc9d9-ddb5-4fa4-a97d-d965ccfc6d4b" outcome="Passed" testListId="8c84fa94-04c1-424b-9868-57a2d4851a1d" relativeResultsDirectory="21fa3755-ae89-402a-8473-c72281f37db0" />
    <UnitTestResult executionId="f73c9d1f-e6f2-4514-83c7-98879392f3eb" testId="a049e92c-d586-5e01-1053-14c8175cd72b" testName="EditorRendersEveryDeclaredAdjustment" computerName="runnervmr7g38" duration="00:00:00.0173954" startTime="2026-07-25T12:04:12.0741925+00:00" endTime="2026-07-25T12:04:12.0916925+00:00" testType="13cdc9d9-ddb5-4fa4-a97d-d965ccfc6d4b" outcome="Passed" testListId="8c84fa94-04c1-424b-9868-57a2d4851a1d" relativeResultsDirectory="f73c9d1f-e6f2-4514-83c7-98879392f3eb" />
    <UnitTestResult executionId="0423867b-07f2-43fa-9f82-62a8e7f02548" testId="596171e5-65ed-e72d-59dd-43620d9147b3" testName="ClosingManagerWithoutChangesDoesNotRefreshConfiguration" computerName="runnervmr7g38" duration="00:00:00.0556947" startTime="2026-07-25T12:04:11.7606717+00:00" endTime="2026-07-25T12:04:11.8166183+00:00" testType="13cdc9d9-ddb5-4fa4-a97d-d965ccfc6d4b" outcome="Passed" testListId="8c84fa94-04c1-424b-9868-57a2d4851a1d" relativeResultsDirectory="0423867b-07f2-43fa-9f82-62a8e7f02548" />
    <UnitTestResult executionId="5417fd80-2b59-411e-84d2-2460b6dc31f4" testId="9ef95f5b-34e2-caeb-62d9-8036bce4d08b" testName="MenuSelectorDataErrorsUseSelectorRecoveryPolicy" computerName="runnervmr7g38" duration="00:00:00.0000998" startTime="2026-07-25T12:04:11.8779954+00:00" endTime="2026-07-25T12:04:11.8781949+00:00" testType="13cdc9d9-ddb5-4fa4-a97d-d965ccfc6d4b" outcome="Passed" testListId="8c84fa94-04c1-424b-9868-57a2d4851a1d" relativeResultsDirectory="5417fd80-2b59-411e-84d2-2460b6dc31f4" />
    <UnitTestResult executionId="bd9adac7-a04b-41c2-9c7b-2dd42dd2377b" testId="ac373953-5ab0-c1bd-b61a-d1ae52862ea5" testName="EmergencyDisablesOverlayBeforePersistingAutomaticMode" computerName="runnervmr7g38" duration="00:00:00.0027369" startTime="2026-07-25T12:04:12.0077764+00:00" endTime="2026-07-25T12:04:12.0106302+00:00" testType="13cdc9d9-ddb5-4fa4-a97d-d965ccfc6d4b" outcome="Passed" testListId="8c84fa94-04c1-424b-9868-57a2d4851a1d" relativeResultsDirectory="bd9adac7-a04b-41c2-9c7b-2dd42dd2377b" />
    <UnitTestResult executionId="9b41480a-c9c1-4ea3-988a-e7314ebd29bd" testId="9a1eabe4-47e7-db51-fb09-7ce7a67be753" testName="CurrentReturnsDefensiveSnapshot" computerName="runnervmr7g38" duration="00:00:00.0024010" startTime="2026-07-25T12:04:12.0200476+00:00" endTime="2026-07-25T12:04:12.0225488+00:00" testType="13cdc9d9-ddb5-4fa4-a97d-d965ccfc6d4b" outcome="Passed" testListId="8c84fa94-04c1-424b-9868-57a2d4851a1d" relativeResultsDirectory="9b41480a-c9c1-4ea3-988a-e7314ebd29bd" />
    <UnitTestResult executionId="f73369fc-d4fa-4881-968a-d59932a173b6" testId="a89e9217-5125-bf40-cc53-74ccd9a997ba" testName="ForegroundPollingUsesResponsiveDefault" computerName="runnervmr7g38" duration="00:00:00.0000856" startTime="2026-07-25T12:04:11.8949700+00:00" endTime="2026-07-25T12:04:11.8952030+00:00" testType="13cdc9d9-ddb5-4fa4-a97d-d965ccfc6d4b" outcome="Passed" testListId="8c84fa94-04c1-424b-9868-57a2d4851a1d" relativeResultsDirectory="f73369fc-d4fa-4881-968a-d59932a173b6" />
    <UnitTestResult executionId="e858722b-d5f0-4fab-9d9e-aa6f07dc8114" testId="76f747fd-265f-eccd-bcf5-223fcae8cb4d" testName="DangerColorComesFromSemanticRole" computerName="runnervmr7g38" duration="00:00:00.0021332" startTime="2026-07-25T12:04:11.8588497+00:00" endTime="2026-07-25T12:04:11.8611980+00:00" testType="13cdc9d9-ddb5-4fa4-a97d-d965ccfc6d4b" outcome="Passed" testListId="8c84fa94-04c1-424b-9868-57a2d4851a1d" relativeResultsDirectory="e858722b-d5f0-4fab-9d9e-aa6f07dc8114" />
    <UnitTestResult executionId="8eedb29a-f8fa-4d95-918a-f1338b06a592" testId="aebf8452-6a9d-a3a8-e9bd-9f4d9f61101b" testName="DisplayVersionOmitsBuildMetadata (&quot;0.5.0.22+abcdef&quot;,&quot;0.5.0.22&quot;)" computerName="runnervmr7g38" duration="00:00:00.0001231" startTime="2026-07-25T12:04:11.9070572+00:00" endTime="2026-07-25T12:04:11.9074188+00:00" testType="13cdc9d9-ddb5-4fa4-a97d-d965ccfc6d4b" outcome="Passed" testListId="8c84fa94-04c1-424b-9868-57a2d4851a1d" relativeResultsDirectory="8eedb29a-f8fa-4d95-918a-f1338b06a592" />
    <UnitTestResult executionId="0dbab891-5879-4ab9-8d25-42424958e3b9" testId="c76f029d-dc44-275b-8380-78e8ac16b8a8" testName="VisualProfileCollectionWritesStayInLifecycleAuthority" computerName="runnervmr7g38" duration="00:00:00.0031540" startTime="2026-07-25T12:04:11.0106608+00:00" endTime="2026-07-25T12:04:11.0139278+00:00" testType="13cdc9d9-ddb5-4fa4-a97d-d965ccfc6d4b" outcome="Passed" testListId="8c84fa94-04c1-424b-9868-57a2d4851a1d" relativeResultsDirectory="0dbab891-5879-4ab9-8d25-42424958e3b9" />
    <UnitTestResult executionId="555d80e8-2f7f-4d03-baaf-59ae649939a1" testId="c1748eaf-c625-2359-707b-767d0d154e1d" testName="RequiredAssignmentReportsMissingSelection" computerName="runnervmr7g38" duration="00:00:00.0083772" startTime="2026-07-25T12:04:11.9436561+00:00" endTime="2026-07-25T12:04:11.9521448+00:00" testType="13cdc9d9-ddb5-4fa4-a97d-d965ccfc6d4b" outcome="Passed" testListId="8c84fa94-04c1-424b-9868-57a2d4851a1d" relativeResultsDirectory="555d80e8-2f7f-4d03-baaf-59ae649939a1" />
    <UnitTestResult executionId="7c36519c-91a4-4ac2-955b-deaada95e5ac" testId="792331df-6daf-826d-0843-8075642e9c5f" testName="SelectorPresentationArgumentErrorIsRecoverable (&quot;VisualProfile&quot;)" computerName="runnervmr7g38" duration="00:00:00.0018644" startTime="2026-07-25T12:04:10.8273864+00:00" endTime="2026-07-25T12:04:10.8315203+00:00" testType="13cdc9d9-ddb5-4fa4-a97d-d965ccfc6d4b" outcome="Passed" testListId="8c84fa94-04c1-424b-9868-57a2d4851a1d" relativeResultsDirectory="7c36519c-91a4-4ac2-955b-deaada95e5ac" />
    <UnitTestResult executionId="f7e9e6a1-6c34-4ece-9d68-a6d4d807a82c" testId="d78e7468-d2ef-c14b-3994-c1d9489a2e74" testName="ExplicitMenuProfileFlowsToRuntimeOverlay" computerName="runnervmr7g38" duration="00:00:00.0042047" startTime="2026-07-25T12:04:12.0106757+00:00" endTime="2026-07-25T12:04:12.0150582+00:00" testType="13cdc9d9-ddb5-4fa4-a97d-d965ccfc6d4b" outcome="Passed" testListId="8c84fa94-04c1-424b-9868-57a2d4851a1d" relativeResultsDirectory="f7e9e6a1-6c34-4ece-9d68-a6d4d807a82c" />
    <UnitTestResult executionId="eaa4e364-2bcb-4d44-a9b6-53b6234f5efe" testId="39442e3c-d219-53b7-832a-bdbec0e6e524" testName="ManagerMutationRefreshesConfigurationExactlyOnce" computerName="runnervmr7g38" duration="00:00:00.0419203" startTime="2026-07-25T12:04:11.8166899+00:00" endTime="2026-07-25T12:04:11.8587808+00:00" testType="13cdc9d9-ddb5-4fa4-a97d-d965ccfc6d4b" outcome="Passed" testListId="8c84fa94-04c1-424b-9868-57a2d4851a1d" relativeResultsDirectory="eaa4e364-2bcb-4d44-a9b6-53b6234f5efe" />
    <UnitTestResult executionId="4acc08a8-6925-4dbe-a22d-3f256ec72cd6" testId="22fd21fc-33cb-aa13-191f-ebf4e635b946" testName="ApplicationScopeMutationUsesAssignmentAuthority" computerName="runnervmr7g38" duration="00:00:00.0001589" startTime="2026-07-25T12:04:11.8898672+00:00" endTime="2026-07-25T12:04:11.8900781+00:00" testType="13cdc9d9-ddb5-4fa4-a97d-d965ccfc6d4b" outcome="Passed" testListId="8c84fa94-04c1-424b-9868-57a2d4851a1d" relativeResultsDirectory="4acc08a8-6925-4dbe-a22d-3f256ec72cd6" />
    <UnitTestResult executionId="d310b6d2-9276-4e05-bf3f-a275fcfc3e1b" testId="ddb0c6d1-6d77-4a48-8c88-0260df1e34c8" testName="LoadRepairsInvalidOverlayScopeAndReportsMigration" computerName="runnervmr7g38" duration="00:00:00.0030883" startTime="2026-07-25T12:04:12.0466521+00:00" endTime="2026-07-25T12:04:12.0498646+00:00" testType="13cdc9d9-ddb5-4fa4-a97d-d965ccfc6d4b" outcome="Passed" testListId="8c84fa94-04c1-424b-9868-57a2d4851a1d" relativeResultsDirectory="d310b6d2-9276-4e05-bf3f-a275fcfc3e1b" />
    <UnitTestResult executionId="b1545574-c4b0-4b62-8694-90fda1d1c70d" testId="43e0acd0-1610-d5eb-c4fa-eb3e9640df90" testName="SelectorPresentationArgumentErrorIsRecoverable (&quot;OverlayScope&quot;)" computerName="runnervmr7g38" duration="00:00:00.0002580" startTime="2026-07-25T12:04:10.8315558+00:00" endTime="2026-07-25T12:04:10.8319588+00:00" testType="13cdc9d9-ddb5-4fa4-a97d-d965ccfc6d4b" outcome="Passed" testListId="8c84fa94-04c1-424b-9868-57a2d4851a1d" relativeResultsDirectory="b1545574-c4b0-4b62-8694-90fda1d1c70d" />
    <UnitTestResult executionId="45d88615-a129-486f-8028-0461ed586971" testId="ee887490-65a7-4012-cf54-d21081eafc45" testName="SchemaTwoSettingsGainSoftInvertWithoutChangingExistingAssignment" computerName="runnervmr7g38" duration="00:00:00.0017762" startTime="2026-07-25T12:04:12.0508297+00:00" endTime="2026-07-25T12:04:12.0527241+00:00" testType="13cdc9d9-ddb5-4fa4-a97d-d965ccfc6d4b" outcome="Passed" testListId="8c84fa94-04c1-424b-9868-57a2d4851a1d" relativeResultsDirectory="45d88615-a129-486f-8028-0461ed586971" />
    <UnitTestResult executionId="375070c5-b21e-45b7-9348-2a19afb2786d" testId="1d2a9fc5-14bb-7792-b1e9-b5d0c73e6dc1" testName="UnsetMenuProfileInheritsApplicationProfile" computerName="runnervmr7g38" duration="00:00:00.0002113" startTime="2026-07-25T12:04:11.8622077+00:00" endTime="2026-07-25T12:04:11.8625622+00:00" testType="13cdc9d9-ddb5-4fa4-a97d-d965ccfc6d4b" outcome="Passed" testListId="8c84fa94-04c1-424b-9868-57a2d4851a1d" relativeResultsDirectory="375070c5-b21e-45b7-9348-2a19afb2786d" />
    <UnitTestResult executionId="1cc528a9-497d-4808-a003-1da1c6790c1f" testId="9a9234b7-80de-4636-8d24-c0bd43dd22e9" testName="RepeatedLifecycleKeepsSurvivingProfilesIndependent" computerName="runnervmr7g38" duration="00:00:00.0002494" startTime="2026-07-25T12:04:12.1001497+00:00" endTime="2026-07-25T12:04:12.1004535+00:00" testType="13cdc9d9-ddb5-4fa4-a97d-d965ccfc6d4b" outcome="Passed" testListId="8c84fa94-04c1-424b-9868-57a2d4851a1d" relativeResultsDirectory="1cc528a9-497d-4808-a003-1da1c6790c1f" />
    <UnitTestResult executionId="81a3e740-4394-47b8-aac1-e0081a8c676b" testId="2e58ca9c-2097-67f2-d44d-4f9aad4ffa38" testName="ProfileComboColumnKeepsStableUnboundOptions" computerName="runnervmr7g38" duration="00:00:00.0004670" startTime="2026-07-25T12:04:12.1366892+00:00" endTime="2026-07-25T12:04:12.1372281+00:00" testType="13cdc9d9-ddb5-4fa4-a97d-d965ccfc6d4b" outcome="Passed" testListId="8c84fa94-04c1-424b-9868-57a2d4851a1d" relativeResultsDirectory="81a3e740-4394-47b8-aac1-e0081a8c676b" />
    <UnitTestResult executionId="b322ec07-b27a-4582-95a9-624eded1dc43" testId="98ce0691-7126-52b6-0d90-11a85586c63e" testName="ActiveStatesRequireTargetAndProfile" computerName="runnervmr7g38" duration="00:00:00.0008298" startTime="2026-07-25T12:04:10.8867958+00:00" endTime="2026-07-25T12:04:10.8877410+00:00" testType="13cdc9d9-ddb5-4fa4-a97d-d965ccfc6d4b" outcome="Passed" testListId="8c84fa94-04c1-424b-9868-57a2d4851a1d" relativeResultsDirectory="b322ec07-b27a-4582-95a9-624eded1dc43" />
    <UnitTestResult executionId="d836a04b-51dd-4d50-a067-a6f671f32556" testId="d3c1e7b2-a525-1180-aa63-b5573ffa7526" testName="AutomaticModeWritesStayInAuthority" computerName="runnervmr7g38" duration="00:00:00.0024476" startTime="2026-07-25T12:04:11.0080243+00:00" endTime="2026-07-25T12:04:11.0106101+00:00" testType="13cdc9d9-ddb5-4fa4-a97d-d965ccfc6d4b" outcome="Passed" testListId="8c84fa94-04c1-424b-9868-57a2d4851a1d" relativeResultsDirectory="d836a04b-51dd-4d50-a067-a6f671f32556" />
    <UnitTestResult executionId="ce8d5e92-9cbf-472f-b04c-74f2e83d7658" testId="092e2f74-d764-c24a-abb8-bacf2bac41d6" testName="AssignmentPathLookupIsTrimmedAndCaseInsensitive" computerName="runnervmr7g38" duration="00:00:00.0002562" startTime="2026-07-25T12:04:11.9431095+00:00" endTime="2026-07-25T12:04:11.9436141+00:00" testType="13cdc9d9-ddb5-4fa4-a97d-d965ccfc6d4b" outcome="Passed" testListId="8c84fa94-04c1-424b-9868-57a2d4851a1d" relativeResultsDirectory="ce8d5e92-9cbf-472f-b04c-74f2e83d7658" />
    <UnitTestResult executionId="b76a156a-e516-439b-945d-51afd1a03be3" testId="5dd622c1-337c-1546-3f03-bd4b52913249" testName="ManualActivationIsExplicitEmergencyOverride" computerName="runnervmr7g38" duration="00:00:00.0005147" startTime="2026-07-25T12:04:10.8900988+00:00" endTime="2026-07-25T12:04:10.8907156+00:00" testType="13cdc9d9-ddb5-4fa4-a97d-d965ccfc6d4b" outcome="Passed" testListId="8c84fa94-04c1-424b-9868-57a2d4851a1d" relativeResultsDirectory="b76a156a-e516-439b-945d-51afd1a03be3" />
    <UnitTestResult executionId="151e705a-2049-45d2-8657-7a04aed4ca6b" testId="2c2abaee-fb41-4223-9a2b-b6b447ef6468" testName="ExpectedFailuresAreNotSilentlySwallowed" computerName="runnervmr7g38" duration="00:00:00.0035567" startTime="2026-07-25T12:04:11.0152554+00:00" endTime="2026-07-25T12:04:11.0189171+00:00" testType="13cdc9d9-ddb5-4fa4-a97d-d965ccfc6d4b" outcome="Passed" testListId="8c84fa94-04c1-424b-9868-57a2d4851a1d" relativeResultsDirectory="151e705a-2049-45d2-8657-7a04aed4ca6b" />
    <UnitTestResult executionId="d39be974-2c5f-464d-baee-4898ab93ec58" testId="de9abb9c-15eb-c619-e087-3b2db5fc58fb" testName="ExplicitNeutralPointUsesCenteredMapping" computerName="runnervmr7g38" duration="00:00:00.0058500" startTime="2026-07-25T12:04:11.9530612+00:00" endTime="2026-07-25T12:04:11.9590589+00:00" testType="13cdc9d9-ddb5-4fa4-a97d-d965ccfc6d4b" outcome="Passed" testListId="8c84fa94-04c1-424b-9868-57a2d4851a1d" relativeResultsDirectory="d39be974-2c5f-464d-baee-4898ab93ec58" />
    <UnitTestResult executionId="b7ea708f-f5c3-42fe-90b0-c177b4de9632" testId="417a1ac9-d1ec-e831-3ed7-915f34ba75d2" testName="DeleteReassignsApplicationsToFallbackProfile" computerName="runnervmr7g38" duration="00:00:00.0002861" startTime="2026-07-25T12:04:12.0957947+00:00" endTime="2026-07-25T12:04:12.0961430+00:00" testType="13cdc9d9-ddb5-4fa4-a97d-d965ccfc6d4b" outcome="Passed" testListId="8c84fa94-04c1-424b-9868-57a2d4851a1d" relativeResultsDirectory="b7ea708f-f5c3-42fe-90b0-c177b4de9632" />
    <UnitTestResult executionId="06b1fbe4-8aa9-42b6-b9c0-dbcf0fc7177a" testId="2bb0ff91-4df6-61ec-1a9c-14567f908e9b" testName="TransientFailureIsReportedWithoutThrowing" computerName="runnervmr7g38" duration="00:00:00.0002020" startTime="2026-07-25T12:04:11.8887573+00:00" endTime="2026-07-25T12:04:11.8890350+00:00" testType="13cdc9d9-ddb5-4fa4-a97d-d965ccfc6d4b" outcome="Passed" testListId="8c84fa94-04c1-424b-9868-57a2d4851a1d" relativeResultsDirectory="06b1fbe4-8aa9-42b6-b9c0-dbcf0fc7177a" />
    <UnitTestResult executionId="e2b14207-a334-42f6-a3d1-88f9e6ca6db3" testId="90952f75-6184-9ce2-bb67-11a608fa66dd" testName="CreateAndRenameRejectDuplicateNamesCaseInsensitively" computerName="runnervmr7g38" duration="00:00:00.0002373" startTime="2026-07-25T12:04:12.0938616+00:00" endTime="2026-07-25T12:04:12.0941682+00:00" testType="13cdc9d9-ddb5-4fa4-a97d-d965ccfc6d4b" outcome="Passed" testListId="8c84fa94-04c1-424b-9868-57a2d4851a1d" relativeResultsDirectory="e2b14207-a334-42f6-a3d1-88f9e6ca6db3" />
    <UnitTestResult executionId="4655d352-8a47-437f-9a25-1df71263b8c4" testId="4c2beaa7-2410-dc82-8a12-4e71f8f3f95e" testName="FailedDomainMutationDoesNotPublishPartialChanges" computerName="runnervmr7g38" duration="00:00:00.0014557" startTime="2026-07-25T12:04:12.0263198+00:00" endTime="2026-07-25T12:04:12.0278727+00:00" testType="13cdc9d9-ddb5-4fa4-a97d-d965ccfc6d4b" outcome="Passed" testListId="8c84fa94-04c1-424b-9868-57a2d4851a1d" relativeResultsDirectory="4655d352-8a47-437f-9a25-1df71263b8c4" />
    <UnitTestResult executionId="1b19e9c0-b22e-454b-a969-fe4c5c48b317" testId="c615aa67-ba89-0500-da3f-48ee6712e2e7" testName="DefinitionBindingsRoundTripProfileValues" computerName="runnervmr7g38" duration="00:00:00.0004405" startTime="2026-07-25T12:04:12.0736410+00:00" endTime="2026-07-25T12:04:12.0741594+00:00" testType="13cdc9d9-ddb5-4fa4-a97d-d965ccfc6d4b" outcome="Passed" testListId="8c84fa94-04c1-424b-9868-57a2d4851a1d" relativeResultsDirectory="1b19e9c0-b22e-454b-a969-fe4c5c48b317" />
    <UnitTestResult executionId="fc1cddb3-899f-433b-acf6-2fbd0b1f21ad" testId="44626b42-c851-a40c-19ae-6ab8f2f61b90" testName="InvalidOperationIsNeverBlanketSuppressed" computerName="runnervmr7g38" duration="00:00:00.0000473" startTime="2026-07-25T12:04:10.8321444+00:00" endTime="2026-07-25T12:04:10.8322412+00:00" testType="13cdc9d9-ddb5-4fa4-a97d-d965ccfc6d4b" outcome="Passed" testListId="8c84fa94-04c1-424b-9868-57a2d4851a1d" relativeResultsDirectory="fc1cddb3-899f-433b-acf6-2fbd0b1f21ad" />
    <UnitTestResult executionId="10109de8-5322-449b-8592-9c8a8b03cbc3" testId="4378a987-5a2b-c298-f319-39bb2c7aa058" testName="SuppressionClearsAfterForegroundChanges" computerName="runnervmr7g38" duration="00:00:00.0004274" startTime="2026-07-25T12:04:10.8907555+00:00" endTime="2026-07-25T12:04:10.8912853+00:00" testType="13cdc9d9-ddb5-4fa4-a97d-d965ccfc6d4b" outcome="Passed" testListId="8c84fa94-04c1-424b-9868-57a2d4851a1d" relativeResultsDirectory="10109de8-5322-449b-8592-9c8a8b03cbc3" />
    <UnitTestResult executionId="6c7b4902-513a-421f-b147-b086ad925f10" testId="b36e8fb4-1da8-a010-870e-4b85528f2e3a" testName="CriticalFailureIncludesOperationAndNativeError" computerName="runnervmr7g38" duration="00:00:00.0007018" startTime="2026-07-25T12:04:11.8872202+00:00" endTime="2026-07-25T12:04:11.8880636+00:00" testType="13cdc9d9-ddb5-4fa4-a97d-d965ccfc6d4b" outcome="Passed" testListId="8c84fa94-04c1-424b-9868-57a2d4851a1d" relativeResultsDirectory="6c7b4902-513a-421f-b147-b086ad925f10" />
    <UnitTestResult executionId="2cdb99af-a420-478c-ba25-0493f9c9326f" testId="67f410d2-625d-1856-5294-6889cdefcf86" testName="OutputPreviewReusesCacheAndDisposesOwnedBitmap" computerName="runnervmr7g38" duration="00:00:00.0113692" startTime="2026-07-25T12:04:11.9305662+00:00" endTime="2026-07-25T12:04:11.9421109+00:00" testType="13cdc9d9-ddb5-4fa4-a97d-d965ccfc6d4b" outcome="Passed" testListId="8c84fa94-04c1-424b-9868-57a2d4851a1d" relativeResultsDirectory="2cdb99af-a420-478c-ba25-0493f9c9326f" />
    <UnitTestResult executionId="43dbcff2-2c87-4cba-ab07-61d7bc2813ae" testId="f2da9d61-ed09-0b98-c85b-5439c8b63aed" testName="ExpectedShellFailureUsesSharedErrorPath" computerName="runnervmr7g38" duration="00:00:00.0003206" startTime="2026-07-25T12:04:12.0641130+00:00" endTime="2026-07-25T12:04:12.0645017+00:00" testType="13cdc9d9-ddb5-4fa4-a97d-d965ccfc6d4b" outcome="Passed" testListId="8c84fa94-04c1-424b-9868-57a2d4851a1d" relativeResultsDirectory="43dbcff2-2c87-4cba-ab07-61d7bc2813ae" />
    <UnitTestResult executionId="ccce372d-dde5-4a92-a3d8-85b3a330ae3c" testId="fe6c7f81-40a8-40ed-e18b-4dd63bb1ecbd" testName="StartInfoFactoryRejectsMissingAddress" computerName="runnervmr7g38" duration="00:00:00.0000542" startTime="2026-07-25T12:04:12.0645315+00:00" endTime="2026-07-25T12:04:12.0646841+00:00" testType="13cdc9d9-ddb5-4fa4-a97d-d965ccfc6d4b" outcome="Passed" testListId="8c84fa94-04c1-424b-9868-57a2d4851a1d" relativeResultsDirectory="ccce372d-dde5-4a92-a3d8-85b3a330ae3c" />
    <UnitTestResult executionId="1faf9dd2-2b14-4e24-a89a-6c1d10f4a13e" testId="14066edf-0b1d-2dcd-1e97-369099c43403" testName="ColorPreviewReusesAndInvalidatesCachedBitmap" computerName="runnervmr7g38" duration="00:00:00.0210370" startTime="2026-07-25T12:04:11.9092766+00:00" endTime="2026-07-25T12:04:11.9304951+00:00" testType="13cdc9d9-ddb5-4fa4-a97d-d965ccfc6d4b" outcome="Passed" testListId="8c84fa94-04c1-424b-9868-57a2d4851a1d" relativeResultsDirectory="1faf9dd2-2b14-4e24-a89a-6c1d10f4a13e" />
    <UnitTestResult executionId="c52fb6c2-7629-47ed-885b-99b897d4617c" testId="e60d2de4-a419-036c-5f95-398f53fc2b34" testName="UnitTextDoesNotChangeNeutralPoint" computerName="runnervmr7g38" duration="00:00:00.0027819" startTime="2026-07-25T12:04:11.9590965+00:00" endTime="2026-07-25T12:04:11.9619689+00:00" testType="13cdc9d9-ddb5-4fa4-a97d-d965ccfc6d4b" outcome="Passed" testListId="8c84fa94-04c1-424b-9868-57a2d4851a1d" relativeResultsDirectory="c52fb6c2-7629-47ed-885b-99b897d4617c" />
    <UnitTestResult executionId="6ddfb99b-cb30-4c3e-80d0-fb7b5ea4da65" testId="d392e066-4074-5e0f-61a1-a68d4d1d4488" testName="NormalizeRemovesDuplicateApplicationPaths" computerName="runnervmr7g38" duration="00:00:00.0003345" startTime="2026-07-25T12:04:12.0499073+00:00" endTime="2026-07-25T12:04:12.0503418+00:00" testType="13cdc9d9-ddb5-4fa4-a97d-d965ccfc6d4b" outcome="Passed" testListId="8c84fa94-04c1-424b-9868-57a2d4851a1d" relativeResultsDirectory="6ddfb99b-cb30-4c3e-80d0-fb7b5ea4da65" />
    <UnitTestResult executionId="5d132687-430a-4240-9334-fe648c101c70" testId="f4be5ff6-cf4d-7453-095c-d31315c61f7e" testName="ExplicitMenuProfileRoundTripsThroughSettingsStore" computerName="runnervmr7g38" duration="00:00:00.0123472" startTime="2026-07-25T12:04:11.8654882+00:00" endTime="2026-07-25T12:04:11.8779441+00:00" testType="13cdc9d9-ddb5-4fa4-a97d-d965ccfc6d4b" outcome="Passed" testListId="8c84fa94-04c1-424b-9868-57a2d4851a1d" relativeResultsDirectory="5d132687-430a-4240-9334-fe648c101c70" />
    <UnitTestResult executionId="73209ef4-7907-4a63-9b39-6d55751e1ecc" testId="18f0cdef-fb2a-903b-ddfd-d7bd1d2ae314" testName="RequiredHandleRejectsZeroHandle" computerName="runnervmr7g38" duration="00:00:00.0005441" startTime="2026-07-25T12:04:11.8881051+00:00" endTime="2026-07-25T12:04:11.8887264+00:00" testType="13cdc9d9-ddb5-4fa4-a97d-d965ccfc6d4b" outcome="Passed" testListId="8c84fa94-04c1-424b-9868-57a2d4851a1d" relativeResultsDirectory="73209ef4-7907-4a63-9b39-6d55751e1ecc" />
    <UnitTestResult executionId="342edd49-6b77-4f34-b0e3-96ec65e4d0a9" testId="bafa33f0-3d58-98df-7c9a-146d98f4cf68" testName="WindowSetComparisonIgnoresEnumerationOrder" computerName="runnervmr7g38" duration="00:00:00.0035644" startTime="2026-07-25T12:04:12.1430959+00:00" endTime="2026-07-25T12:04:12.1473345+00:00" testType="13cdc9d9-ddb5-4fa4-a97d-d965ccfc6d4b" outcome="Passed" testListId="8c84fa94-04c1-424b-9868-57a2d4851a1d" relativeResultsDirectory="342edd49-6b77-4f34-b0e3-96ec65e4d0a9" />
    <UnitTestResult executionId="c85a802c-97e1-47b7-96be-fb2024d1b544" testId="4631cfc2-2cd5-a812-0dd7-eeab26bdb3be" testName="DefinitionsAreCompleteAndHaveUniqueIdentity" computerName="runnervmr7g38" duration="00:00:00.0006118" startTime="2026-07-25T12:04:12.0675247+00:00" endTime="2026-07-25T12:04:12.0682571+00:00" testType="13cdc9d9-ddb5-4fa4-a97d-d965ccfc6d4b" outcome="Passed" testListId="8c84fa94-04c1-424b-9868-57a2d4851a1d" relativeResultsDirectory="c85a802c-97e1-47b7-96be-fb2024d1b544" />
    <UnitTestResult executionId="38c51af5-75fc-435d-8a38-729fd2c6e2f3" testId="9b2de02c-7164-876f-202d-8f72e858e543" testName="ForegroundChangeAutomaticallyActivatesConfiguredTarget" computerName="runnervmr7g38" duration="00:00:00.0023043" startTime="2026-07-25T12:04:11.9946853+00:00" endTime="2026-07-25T12:04:11.9971071+00:00" testType="13cdc9d9-ddb5-4fa4-a97d-d965ccfc6d4b" outcome="Passed" testListId="8c84fa94-04c1-424b-9868-57a2d4851a1d" relativeResultsDirectory="38c51af5-75fc-435d-8a38-729fd2c6e2f3" />
    <UnitTestResult executionId="7a71eaa1-1532-406e-90f4-dd28a513a526" testId="98e1b671-4ad8-674b-ae78-2328388c537c" testName="ApplicationAssignmentWritesStayInAuthorities" computerName="runnervmr7g38" duration="00:00:00.1136488" startTime="2026-07-25T12:04:10.8941015+00:00" endTime="2026-07-25T12:04:11.0079558+00:00" testType="13cdc9d9-ddb5-4fa4-a97d-d965ccfc6d4b" outcome="Passed" testListId="8c84fa94-04c1-424b-9868-57a2d4851a1d" relativeResultsDirectory="7a71eaa1-1532-406e-90f4-dd28a513a526" />
    <UnitTestResult executionId="bca1bc42-dbdf-4c3c-ab8b-85952ea6c965" testId="7fcecb9f-1875-b20c-7549-c23006ff9af1" testName="LoadKeepsCanonicalOverlayScopeWithoutMigration" computerName="runnervmr7g38" duration="00:00:00.0017262" startTime="2026-07-25T12:04:12.0404443+00:00" endTime="2026-07-25T12:04:12.0422642+00:00" testType="13cdc9d9-ddb5-4fa4-a97d-d965ccfc6d4b" outcome="Passed" testListId="8c84fa94-04c1-424b-9868-57a2d4851a1d" relativeResultsDirectory="bca1bc42-dbdf-4c3c-ab8b-85952ea6c965" />
    <UnitTestResult executionId="8a728df8-2eea-43c6-8bad-72bf007f35a8" testId="4889f58a-20ba-272b-c447-29ed43630165" testName="FactoriesUseCanonicalNamesAndTuning" computerName="runnervmr7g38" duration="00:00:00.0001696" startTime="2026-07-25T12:04:12.0917611+00:00" endTime="2026-07-25T12:04:12.0921058+00:00" testType="13cdc9d9-ddb5-4fa4-a97d-d965ccfc6d4b" outcome="Passed" testListId="8c84fa94-04c1-424b-9868-57a2d4851a1d" relativeResultsDirectory="8a728df8-2eea-43c6-8bad-72bf007f35a8" />
    <UnitTestResult executionId="a39fc232-fef8-40f6-8c85-8da71ceab018" testId="00bbdb25-7ee9-2cec-17ed-19c67e65c5e3" testName="MultipleCustomProfilesAndAssignmentsRoundTripIndependently" computerName="runnervmr7g38" duration="00:00:00.0035420" startTime="2026-07-25T12:04:12.0587843+00:00" endTime="2026-07-25T12:04:12.0624449+00:00" testType="13cdc9d9-ddb5-4fa4-a97d-d965ccfc6d4b" outcome="Passed" testListId="8c84fa94-04c1-424b-9868-57a2d4851a1d" relativeResultsDirectory="a39fc232-fef8-40f6-8c85-8da71ceab018" />
    <UnitTestResult executionId="0fb603d9-a89e-4c96-8a76-13b41a1df094" testId="edbb2e04-e2ff-04c6-18e9-1a80ec3c1e46" testName="AssignVisualProfileRequiresExistingProfile" computerName="runnervmr7g38" duration="00:00:00.0027318" startTime="2026-07-25T12:04:10.8224368+00:00" endTime="2026-07-25T12:04:10.8253669+00:00" testType="13cdc9d9-ddb5-4fa4-a97d-d965ccfc6d4b" outcome="Passed" testListId="8c84fa94-04c1-424b-9868-57a2d4851a1d" relativeResultsDirectory="0fb603d9-a89e-4c96-8a76-13b41a1df094" />
    <UnitTestResult executionId="36d0fb9e-20f4-48c1-ba48-0faeddd00061" testId="43cd96e8-d841-e3ab-e57a-7a441d034970" testName="DisabledAssignmentDoesNotMatchAutomaticResolver" computerName="runnervmr7g38" duration="00:00:00.0000614" startTime="2026-07-25T12:04:12.1392982+00:00" endTime="2026-07-25T12:04:12.1394111+00:00" testType="13cdc9d9-ddb5-4fa4-a97d-d965ccfc6d4b" outcome="Passed" testListId="8c84fa94-04c1-424b-9868-57a2d4851a1d" relativeResultsDirectory="36d0fb9e-20f4-48c1-ba48-0faeddd00061" />
    <UnitTestResult executionId="cb2b06de-bfc7-4de5-80fb-12114369ecb0" testId="2b8832e1-56a4-301b-d245-356cb72d9bc1" testName="DisabledAssignmentRemainsAvailableLocally" computerName="runnervmr7g38" duration="00:00:00.0000530" startTime="2026-07-25T12:04:12.1394295+00:00" endTime="2026-07-25T12:04:12.1395263+00:00" testType="13cdc9d9-ddb5-4fa4-a97d-d965ccfc6d4b" outcome="Passed" testListId="8c84fa94-04c1-424b-9868-57a2d4851a1d" relativeResultsDirectory="cb2b06de-bfc7-4de5-80fb-12114369ecb0" />
    <UnitTestResult executionId="6919cb43-90b6-483a-bfdf-d53ad8885275" testId="cb43904d-2df6-ebfd-a1a3-587fdbe484b8" testName="MissingMenuProfileCannotBeAssigned" computerName="runnervmr7g38" duration="00:00:00.0002313" startTime="2026-07-25T12:04:11.8643630+00:00" endTime="2026-07-25T12:04:11.8646802+00:00" testType="13cdc9d9-ddb5-4fa4-a97d-d965ccfc6d4b" outcome="Passed" testListId="8c84fa94-04c1-424b-9868-57a2d4851a1d" relativeResultsDirectory="6919cb43-90b6-483a-bfdf-d53ad8885275" />
    <UnitTestResult executionId="9da3ea65-6706-4697-99b4-24c3bbad0758" testId="12d20930-ce50-9924-e7f2-e57f590a82db" testName="SuccessfulCallsDoNotReadOrReportAnError" computerName="runnervmr7g38" duration="00:00:00.0001918" startTime="2026-07-25T12:04:11.8893228+00:00" endTime="2026-07-25T12:04:11.8895799+00:00" testType="13cdc9d9-ddb5-4fa4-a97d-d965ccfc6d4b" outcome="Passed" testListId="8c84fa94-04c1-424b-9868-57a2d4851a1d" relativeResultsDirectory="9da3ea65-6706-4697-99b4-24c3bbad0758" />
    <UnitTestResult executionId="24d5e338-5929-416d-a34b-9ad499880319" testId="7715c3d6-96e6-3fa1-e4ba-283f26ba1272" testName="MissingAssociationIdentifiersAreRejected" computerName="runnervmr7g38" duration="00:00:00.0000340" startTime="2026-07-25T12:04:12.1429971+00:00" endTime="2026-07-25T12:04:12.1430790+00:00" testType="13cdc9d9-ddb5-4fa4-a97d-d965ccfc6d4b" outcome="Passed" testListId="8c84fa94-04c1-424b-9868-57a2d4851a1d" relativeResultsDirectory="24d5e338-5929-416d-a34b-9ad499880319" />
    <UnitTestResult executionId="4c6b778a-43ca-44a5-9124-268e6b80343c" testId="d0ea3436-3bc8-e3a3-c694-7f04f16af23f" testName="CustomProfilePersistsAcrossSettingsRoundTrip" computerName="runnervmr7g38" duration="00:00:00.0025495" startTime="2026-07-25T12:04:12.0970574+00:00" endTime="2026-07-25T12:04:12.0996864+00:00" testType="13cdc9d9-ddb5-4fa4-a97d-d965ccfc6d4b" outcome="Passed" testListId="8c84fa94-04c1-424b-9868-57a2d4851a1d" relativeResultsDirectory="4c6b778a-43ca-44a5-9124-268e6b80343c" />
    <UnitTestResult executionId="53ef80ea-de01-4b99-9fa2-3ef49aa64554" testId="7c8cb8c4-531e-7a75-e406-519ea4778fb2" testName="UiAndRuntimeDoNotPersistSettingsDirectly" computerName="runnervmr7g38" duration="00:00:00.0011063" startTime="2026-07-25T12:04:11.0139828+00:00" endTime="2026-07-25T12:04:11.0152106+00:00" testType="13cdc9d9-ddb5-4fa4-a97d-d965ccfc6d4b" outcome="Passed" testListId="8c84fa94-04c1-424b-9868-57a2d4851a1d" relativeResultsDirectory="53ef80ea-de01-4b99-9fa2-3ef49aa64554" />
    <UnitTestResult executionId="0e287359-7955-4314-b703-235cf1f419a1" testId="82edcd3d-90f1-ebc5-4845-d66355140dee" testName="CreateAddsIndependentSoftInvertProfile" computerName="runnervmr7g38" duration="00:00:00.0001774" startTime="2026-07-25T12:04:12.0927431+00:00" endTime="2026-07-25T12:04:12.0930229+00:00" testType="13cdc9d9-ddb5-4fa4-a97d-d965ccfc6d4b" outcome="Passed" testListId="8c84fa94-04c1-424b-9868-57a2d4851a1d" relativeResultsDirectory="0e287359-7955-4314-b703-235cf1f419a1" />
    <UnitTestResult executionId="f162f690-32cd-4022-b636-716e4b6bf6a8" testId="84f2d376-90e8-a6ad-9590-ad507f6204aa" testName="UnsupportedSchemeIsRejectedBeforeLaunch" computerName="runnervmr7g38" duration="00:00:00.0002673" startTime="2026-07-25T12:04:12.0637437+00:00" endTime="2026-07-25T12:04:12.0640820+00:00" testType="13cdc9d9-ddb5-4fa4-a97d-d965ccfc6d4b" outcome="Passed" testListId="8c84fa94-04c1-424b-9868-57a2d4851a1d" relativeResultsDirectory="f162f690-32cd-4022-b636-716e4b6bf6a8" />
    <UnitTestResult executionId="0aa9bbba-52f3-4ec9-930f-11a7545df3ef" testId="f99270d3-1788-2034-f841-f418eddd417b" testName="UnknownTransformIsRejectedConsistently" computerName="runnervmr7g38" duration="00:00:00.0002742" startTime="2026-07-25T12:04:12.1421969+00:00" endTime="2026-07-25T12:04:12.1425393+00:00" testType="13cdc9d9-ddb5-4fa4-a97d-d965ccfc6d4b" outcome="Passed" testListId="8c84fa94-04c1-424b-9868-57a2d4851a1d" relativeResultsDirectory="0aa9bbba-52f3-4ec9-930f-11a7545df3ef" />
    <UnitTestResult executionId="18fe9860-4d41-4961-85cd-b8bbbb611974" testId="2e798028-e6ed-6644-b3ac-74ba8669d29d" testName="ProfileToggleRepairsMissingReference" computerName="runnervmr7g38" duration="00:00:00.0000886" startTime="2026-07-25T12:04:12.1399557+00:00" endTime="2026-07-25T12:04:12.1400920+00:00" testType="13cdc9d9-ddb5-4fa4-a97d-d965ccfc6d4b" outcome="Passed" testListId="8c84fa94-04c1-424b-9868-57a2d4851a1d" relativeResultsDirectory="18fe9860-4d41-4961-85cd-b8bbbb611974" />
    <UnitTestResult executionId="26b5231b-0191-4a60-b636-4e5dfe73f3ab" testId="953f0978-27ab-8c09-8726-ce11128ad0a8" testName="ExternalSettingsChangeRebindsGridFromCurrentSettings" computerName="runnervmr7g38" duration="00:00:00.1310691" startTime="2026-07-25T12:04:11.4803939+00:00" endTime="2026-07-25T12:04:11.6116672+00:00" testType="13cdc9d9-ddb5-4fa4-a97d-d965ccfc6d4b" outcome="Passed" testListId="8c84fa94-04c1-424b-9868-57a2d4851a1d" relativeResultsDirectory="26b5231b-0191-4a60-b636-4e5dfe73f3ab" />
    <UnitTestResult executionId="1ae886e3-d0ec-43b4-8bca-49be236f89ea" testId="8c497c7c-371b-429b-a485-50db65dc2ca9" testName="RequiredVisualProfileUsesCanonicalCaseInsensitiveLookup" computerName="runnervmr7g38" duration="00:00:00.0002531" startTime="2026-07-25T12:04:11.9522000+00:00" endTime="2026-07-25T12:04:11.9525503+00:00" testType="13cdc9d9-ddb5-4fa4-a97d-d965ccfc6d4b" outcome="Passed" testListId="8c84fa94-04c1-424b-9868-57a2d4851a1d" relativeResultsDirectory="1ae886e3-d0ec-43b4-8bca-49be236f89ea" />
    <UnitTestResult executionId="75359004-fa30-4dde-a442-54b59926fd36" testId="bb24ee5a-013b-3e01-6ca8-7f6198cdd8dd" testName="SchemaFourSettingsGainMenuProfileInheritance" computerName="runnervmr7g38" duration="00:00:00.0017392" startTime="2026-07-25T12:04:11.8782217+00:00" endTime="2026-07-25T12:04:11.8800344+00:00" testType="13cdc9d9-ddb5-4fa4-a97d-d965ccfc6d4b" outcome="Passed" testListId="8c84fa94-04c1-424b-9868-57a2d4851a1d" relativeResultsDirectory="75359004-fa30-4dde-a442-54b59926fd36" />
    <UnitTestResult executionId="8867b575-6173-44a6-a437-97d801973fc2" testId="c637eb3f-869e-cad4-0066-1c1568389046" testName="UnexpectedMutationFailureIsReportedAndRethrown" computerName="runnervmr7g38" duration="00:00:00.0015363" startTime="2026-07-25T12:04:12.0298729+00:00" endTime="2026-07-25T12:04:12.0315031+00:00" testType="13cdc9d9-ddb5-4fa4-a97d-d965ccfc6d4b" outcome="Passed" testListId="8c84fa94-04c1-424b-9868-57a2d4851a1d" relativeResultsDirectory="8867b575-6173-44a6-a437-97d801973fc2" />
    <UnitTestResult executionId="623104a4-ba56-49ef-acbd-cf8260f92a97" testId="ff639707-883d-6d80-2871-79236944fc86" testName="AssignmentCountsUseStableProfileIdentifier" computerName="runnervmr7g38" duration="00:00:00.0003585" startTime="2026-07-25T12:04:12.0965980+00:00" endTime="2026-07-25T12:04:12.0970265+00:00" testType="13cdc9d9-ddb5-4fa4-a97d-d965ccfc6d4b" outcome="Passed" testListId="8c84fa94-04c1-424b-9868-57a2d4851a1d" relativeResultsDirectory="623104a4-ba56-49ef-acbd-cf8260f92a97" />
    <UnitTestResult executionId="083aa805-68fa-42d7-b51d-7b0bf18f597e" testId="8b9c45c6-ff9f-0e89-1c26-7a66517f2ca0" testName="AssignmentTuningAndModeMutationsSurviveRoundTrip" computerName="runnervmr7g38" duration="00:00:00.0046274" startTime="2026-07-25T12:04:11.8811117+00:00" endTime="2026-07-25T12:04:11.8859348+00:00" testType="13cdc9d9-ddb5-4fa4-a97d-d965ccfc6d4b" outcome="Passed" testListId="8c84fa94-04c1-424b-9868-57a2d4851a1d" relativeResultsDirectory="083aa805-68fa-42d7-b51d-7b0bf18f597e" />
    <UnitTestResult executionId="a208c03c-d46f-4fda-8228-b2e0a122608d" testId="dbf0048f-8fb8-8a52-c229-cfa81f9a3034" testName="CatalogIsCapabilitySourceOfTruth" computerName="runnervmr7g38" duration="00:00:00.0000790" startTime="2026-07-25T12:04:12.1375886+00:00" endTime="2026-07-25T12:04:12.1377100+00:00" testType="13cdc9d9-ddb5-4fa4-a97d-d965ccfc6d4b" outcome="Passed" testListId="8c84fa94-04c1-424b-9868-57a2d4851a1d" relativeResultsDirectory="a208c03c-d46f-4fda-8228-b2e0a122608d" />
    <UnitTestResult executionId="0e24e936-dab4-4b09-ac69-f07206fa858c" testId="ca2d7b03-4e78-59a0-22bb-75d3347f54e8" testName="SelectorPaintFontResolutionReusesExistingFonts" computerName="runnervmr7g38" duration="00:00:00.0002337" startTime="2026-07-25T12:04:12.0671869+00:00" endTime="2026-07-25T12:04:12.0674951+00:00" testType="13cdc9d9-ddb5-4fa4-a97d-d965ccfc6d4b" outcome="Passed" testListId="8c84fa94-04c1-424b-9868-57a2d4851a1d" relativeResultsDirectory="0e24e936-dab4-4b09-ac69-f07206fa858c" />
    <UnitTestResult executionId="8f637b20-3141-459a-b3ba-196dceb39cf9" testId="8ff096c2-f5da-2bb4-554f-48c3fb51a1ef" testName="AddOrEnableCreatesDefaultSoftInvertAssignment" computerName="runnervmr7g38" duration="00:00:00.0117181" startTime="2026-07-25T12:04:10.7943202+00:00" endTime="2026-07-25T12:04:10.8182568+00:00" testType="13cdc9d9-ddb5-4fa4-a97d-d965ccfc6d4b" outcome="Passed" testListId="8c84fa94-04c1-424b-9868-57a2d4851a1d" relativeResultsDirectory="8f637b20-3141-459a-b3ba-196dceb39cf9" />
    <UnitTestResult executionId="b92b9945-1503-48f9-8e12-31deb8e163cc" testId="5d1ae0a2-2d10-e4d0-56cc-11b7a1b1fe2c" testName="RepositoryMetadataIsAnAbsoluteWebAddress" computerName="runnervmr7g38" duration="00:00:00.0002472" startTime="2026-07-25T12:04:11.9089024+00:00" endTime="2026-07-25T12:04:11.9092387+00:00" testType="13cdc9d9-ddb5-4fa4-a97d-d965ccfc6d4b" outcome="Passed" testListId="8c84fa94-04c1-424b-9868-57a2d4851a1d" relativeResultsDirectory="b92b9945-1503-48f9-8e12-31deb8e163cc" />
    <UnitTestResult executionId="943f62c2-b988-4a05-a3f7-25aaf6a62ab7" testId="61093be0-c21b-bd3f-d5a9-7a02d15ec25a" testName="ScopeMetadataRoundTripsEveryIdentifier" computerName="runnervmr7g38" duration="00:00:00.0024653" startTime="2026-07-25T12:04:11.8909370+00:00" endTime="2026-07-25T12:04:11.8935049+00:00" testType="13cdc9d9-ddb5-4fa4-a97d-d965ccfc6d4b" outcome="Passed" testListId="8c84fa94-04c1-424b-9868-57a2d4851a1d" relativeResultsDirectory="943f62c2-b988-4a05-a3f7-25aaf6a62ab7" />
    <UnitTestResult executionId="7ab0043f-a7c4-4fef-b413-a345d7839d9a" testId="869fb7e4-2eea-55d2-aef9-eb8042f533aa" testName="ReassignmentUpdatesPrimaryAndMenuReferenceOnce" computerName="runnervmr7g38" duration="00:00:00.0001737" startTime="2026-07-25T12:04:11.8647187+00:00" endTime="2026-07-25T12:04:11.8649861+00:00" testType="13cdc9d9-ddb5-4fa4-a97d-d965ccfc6d4b" outcome="Passed" testListId="8c84fa94-04c1-424b-9868-57a2d4851a1d" relativeResultsDirectory="7ab0043f-a7c4-4fef-b413-a345d7839d9a" />
    <UnitTestResult executionId="f56aadd3-7605-41e1-b623-3f9725cf3ddf" testId="34818fe2-b1e6-2ca4-6626-8f066f0c6369" testName="BestEffortFailureIsReported" computerName="runnervmr7g38" duration="00:00:00.0001663" startTime="2026-07-25T12:04:11.8890619+00:00" endTime="2026-07-25T12:04:11.8892971+00:00" testType="13cdc9d9-ddb5-4fa4-a97d-d965ccfc6d4b" outcome="Passed" testListId="8c84fa94-04c1-424b-9868-57a2d4851a1d" relativeResultsDirectory="f56aadd3-7605-41e1-b623-3f9725cf3ddf" />
    <UnitTestResult executionId="04a4d22a-082f-41ab-94c7-4315f7728d47" testId="9290ad19-b782-ef91-454f-258c5c9fe6ed" testName="RecoveredSettingsAreIdempotent" computerName="runnervmr7g38" duration="00:00:00.0003165" startTime="2026-07-25T12:04:12.0571036+00:00" endTime="2026-07-25T12:04:12.0575110+00:00" testType="13cdc9d9-ddb5-4fa4-a97d-d965ccfc6d4b" outcome="Passed" testListId="8c84fa94-04c1-424b-9868-57a2d4851a1d" relativeResultsDirectory="04a4d22a-082f-41ab-94c7-4315f7728d47" />
    <UnitTestResult executionId="e4b8c6f6-33e9-489e-a998-f48281fbdb22" testId="0acf13ff-8eac-0dbf-735f-07e6e2dc37f8" testName="InvertTransformCreatesExpectedMatrix" computerName="runnervmr7g38" duration="00:00:00.0002924" startTime="2026-07-25T12:04:12.1357872+00:00" endTime="2026-07-25T12:04:12.1362835+00:00" testType="13cdc9d9-ddb5-4fa4-a97d-d965ccfc6d4b" outcome="Passed" testListId="8c84fa94-04c1-424b-9868-57a2d4851a1d" relativeResultsDirectory="e4b8c6f6-33e9-489e-a998-f48281fbdb22" />
    <UnitTestResult executionId="178209b3-b0cb-4eaa-8ac4-0f4ceabe5603" testId="f269c13b-f349-0f59-32fb-48d00db465a1" testName="ValidationFailureDoesNotExposeGenericValue" computerName="runnervmr7g38" duration="00:00:00.0018304" startTime="2026-07-25T12:04:12.0279108+00:00" endTime="2026-07-25T12:04:12.0298346+00:00" testType="13cdc9d9-ddb5-4fa4-a97d-d965ccfc6d4b" outcome="Passed" testListId="8c84fa94-04c1-424b-9868-57a2d4851a1d" relativeResultsDirectory="178209b3-b0cb-4eaa-8ac4-0f4ceabe5603" />
    <UnitTestResult executionId="7490c7fe-f330-4152-9e82-e16f54ac42b9" testId="046595c6-5caf-d02b-e2bf-3bc92355d247" testName="LoadCanonicalizesOverlayScopeAliasAndReportsMigration" computerName="runnervmr7g38" duration="00:00:00.0029821" startTime="2026-07-25T12:04:12.0423020+00:00" endTime="2026-07-25T12:04:12.0453853+00:00" testType="13cdc9d9-ddb5-4fa4-a97d-d965ccfc6d4b" outcome="Passed" testListId="8c84fa94-04c1-424b-9868-57a2d4851a1d" relativeResultsDirectory="7490c7fe-f330-4152-9e82-e16f54ac42b9" />
    <UnitTestResult executionId="69f8c2a8-019b-48d4-a6dc-630629a38ce8" testId="3de3607e-4a8a-170b-0071-267e012cdf6e" testName="CatalogContainsSoftInvertTransform" computerName="runnervmr7g38" duration="00:00:00.0000476" startTime="2026-07-25T12:04:12.1377284+00:00" endTime="2026-07-25T12:04:12.1378165+00:00" testType="13cdc9d9-ddb5-4fa4-a97d-d965ccfc6d4b" outcome="Passed" testListId="8c84fa94-04c1-424b-9868-57a2d4851a1d" relativeResultsDirectory="69f8c2a8-019b-48d4-a6dc-630629a38ce8" />
    <UnitTestResult executionId="021e4638-0300-4aea-8141-36153d04c549" testId="3671a9ca-bf88-7e65-33d8-ee1b8aa08c99" testName="RemovedLegacyMutationServiceDoesNotReturn" computerName="runnervmr7g38" duration="00:00:00.0001792" startTime="2026-07-25T12:04:11.0189564+00:00" endTime="2026-07-25T12:04:11.0192293+00:00" testType="13cdc9d9-ddb5-4fa4-a97d-d965ccfc6d4b" outcome="Passed" testListId="8c84fa94-04c1-424b-9868-57a2d4851a1d" relativeResultsDirectory="021e4638-0300-4aea-8141-36153d04c549" />
    <UnitTestResult executionId="d5ed5724-28b7-4cdf-b344-59c35bff025b" testId="e47df030-7452-8a1f-12d4-1a4242efda55" testName="FaultAndEmergencyBlockAutomaticActivation" computerName="runnervmr7g38" duration="00:00:00.0005173" startTime="2026-07-25T12:04:10.8894297+00:00" endTime="2026-07-25T12:04:10.8900584+00:00" testType="13cdc9d9-ddb5-4fa4-a97d-d965ccfc6d4b" outcome="Passed" testListId="8c84fa94-04c1-424b-9868-57a2d4851a1d" relativeResultsDirectory="d5ed5724-28b7-4cdf-b344-59c35bff025b" />
    <UnitTestResult executionId="19238b3c-f29d-4633-b139-4e0e602afdc6" testId="3766ef41-9cce-4132-4830-e5a4784a5a21" testName="ProfileToggleCreatesEnabledAssignment" computerName="runnervmr7g38" duration="00:00:00.0000583" startTime="2026-07-25T12:04:12.1396566+00:00" endTime="2026-07-25T12:04:12.1397536+00:00" testType="13cdc9d9-ddb5-4fa4-a97d-d965ccfc6d4b" outcome="Passed" testListId="8c84fa94-04c1-424b-9868-57a2d4851a1d" relativeResultsDirectory="19238b3c-f29d-4633-b139-4e0e602afdc6" />
    <UnitTestResult executionId="a1ce6df8-b4ef-4efe-bf50-938148ddb763" testId="e450fdc5-23d3-7bd0-9c1a-1978e9271274" testName="SuccessfulCommitPublishesPersistedSnapshot" computerName="runnervmr7g38" duration="00:00:00.0024605" startTime="2026-07-25T12:04:12.0173670+00:00" endTime="2026-07-25T12:04:12.0200068+00:00" testType="13cdc9d9-ddb5-4fa4-a97d-d965ccfc6d4b" outcome="Passed" testListId="8c84fa94-04c1-424b-9868-57a2d4851a1d" relativeResultsDirectory="a1ce6df8-b4ef-4efe-bf50-938148ddb763" />
    <UnitTestResult executionId="4a5daa44-5aad-4721-9958-3e4a83bbf937" testId="6589f887-b38c-2036-12f1-0f7cd573d00c" testName="ExternalSettingsChangeRefreshesGridExactlyOnce" computerName="runnervmr7g38" duration="00:00:00.0173499" startTime="2026-07-25T12:04:12.1182185+00:00" endTime="2026-07-25T12:04:12.1357193+00:00" testType="13cdc9d9-ddb5-4fa4-a97d-d965ccfc6d4b" outcome="Passed" testListId="8c84fa94-04c1-424b-9868-57a2d4851a1d" relativeResultsDirectory="4a5daa44-5aad-4721-9958-3e4a83bbf937" />
    <UnitTestResult executionId="718e64fd-e4b9-47a4-9d34-cd238b8c7d78" testId="f0f768f9-f9a1-f66d-8674-2a493445a72e" testName="CanonicalExactInvertRestoresIdentityAndTuning" computerName="runnervmr7g38" duration="00:00:00.0003226" startTime="2026-07-25T12:04:12.0921355+00:00" endTime="2026-07-25T12:04:12.0925269+00:00" testType="13cdc9d9-ddb5-4fa4-a97d-d965ccfc6d4b" outcome="Passed" testListId="8c84fa94-04c1-424b-9868-57a2d4851a1d" relativeResultsDirectory="718e64fd-e4b9-47a4-9d34-cd238b8c7d78" />
    <UnitTestResult executionId="80b9bc02-7ec0-4ade-aeed-5771da624d37" testId="b2432385-bc3f-2bf8-e7b6-1201764bde57" testName="EmergencyTextWithoutDangerRoleIsNotSpecial" computerName="runnervmr7g38" duration="00:00:00.0004404" startTime="2026-07-25T12:04:11.8612486+00:00" endTime="2026-07-25T12:04:11.8618019+00:00" testType="13cdc9d9-ddb5-4fa4-a97d-d965ccfc6d4b" outcome="Passed" testListId="8c84fa94-04c1-424b-9868-57a2d4851a1d" relativeResultsDirectory="80b9bc02-7ec0-4ade-aeed-5771da624d37" />
    <UnitTestResult executionId="868c6638-4202-42a3-921d-7abf81e7ba3a" testId="08b12816-f1e6-69a7-2126-c2d2e6444c28" testName="CommitErrorIsNotClassifiedAsPresentationRace" computerName="runnervmr7g38" duration="00:00:00.0000585" startTime="2026-07-25T12:04:10.8319908+00:00" endTime="2026-07-25T12:04:10.8321235+00:00" testType="13cdc9d9-ddb5-4fa4-a97d-d965ccfc6d4b" outcome="Passed" testListId="8c84fa94-04c1-424b-9868-57a2d4851a1d" relativeResultsDirectory="868c6638-4202-42a3-921d-7abf81e7ba3a" />
    <UnitTestResult executionId="cf5d691b-6d46-407f-89a9-f98b3d45c679" testId="bb91b0a2-10de-50b2-26ab-c0d149aab8d8" testName="DangerButtonStatesUseSemanticThemeTokens" computerName="runnervmr7g38" duration="00:00:00.0001639" startTime="2026-07-25T12:04:12.0647079+00:00" endTime="2026-07-25T12:04:12.0649683+00:00" testType="13cdc9d9-ddb5-4fa4-a97d-d965ccfc6d4b" outcome="Passed" testListId="8c84fa94-04c1-424b-9868-57a2d4851a1d" relativeResultsDirectory="cf5d691b-6d46-407f-89a9-f98b3d45c679" />
    <UnitTestResult executionId="22631c64-4011-4893-ba05-78ffa10f3d70" testId="039497a2-d156-f9f8-2599-cf00ee54e8c4" testName="BuiltInMetadataAndResolutionUseTheSameRegistry" computerName="runnervmr7g38" duration="00:00:00.0001504" startTime="2026-07-25T12:04:12.1419228+00:00" endTime="2026-07-25T12:04:12.1421610+00:00" testType="13cdc9d9-ddb5-4fa4-a97d-d965ccfc6d4b" outcome="Passed" testListId="8c84fa94-04c1-424b-9868-57a2d4851a1d" relativeResultsDirectory="22631c64-4011-4893-ba05-78ffa10f3d70" />
    <UnitTestResult executionId="1b79bf11-7d16-4710-9b2d-73707448f146" testId="610cc033-2665-3388-bf68-86862d21d7ee" testName="WorkingCopyPreservesPerApplicationScope" computerName="runnervmr7g38" duration="00:00:00.0001083" startTime="2026-07-25T12:04:11.8947492+00:00" endTime="2026-07-25T12:04:11.8949398+00:00" testType="13cdc9d9-ddb5-4fa4-a97d-d965ccfc6d4b" outcome="Passed" testListId="8c84fa94-04c1-424b-9868-57a2d4851a1d" relativeResultsDirectory="1b79bf11-7d16-4710-9b2d-73707448f146" />
    <UnitTestResult executionId="db1b0f5e-4368-47a7-bdc7-9a1ed577b9c5" testId="c8527552-0590-d32c-8076-e99e6c901b44" testName="RuntimeVersionLabelIsVisibleAndCompact" computerName="runnervmr7g38" duration="00:00:00.0001212" startTime="2026-07-25T12:04:11.9083442+00:00" endTime="2026-07-25T12:04:11.9085446+00:00" testType="13cdc9d9-ddb5-4fa4-a97d-d965ccfc6d4b" outcome="Passed" testListId="8c84fa94-04c1-424b-9868-57a2d4851a1d" relativeResultsDirectory="db1b0f5e-4368-47a7-bdc7-9a1ed577b9c5" />
    <UnitTestResult executionId="ac3ef40f-d32c-48f0-ab4b-d7b93af866e3" testId="8226ae2a-e8d9-e617-bf45-2a2cfbad2d20" testName="AvailableNameNeverExceedsMaximumLength" computerName="runnervmr7g38" duration="00:00:00.0001170" startTime="2026-07-25T12:04:12.0999548+00:00" endTime="2026-07-25T12:04:12.1001256+00:00" testType="13cdc9d9-ddb5-4fa4-a97d-d965ccfc6d4b" outcome="Passed" testListId="8c84fa94-04c1-424b-9868-57a2d4851a1d" relativeResultsDirectory="ac3ef40f-d32c-48f0-ab4b-d7b93af866e3" />
    <UnitTestResult executionId="4b00e5d1-cfa6-4034-a222-8d484a84d076" testId="3b8a5dc6-8836-48ac-1b29-a49342e6ff85" testName="ProfileToggleWithSettingsEventActivatesOverlayOnce" computerName="runnervmr7g38" duration="00:00:00.0050158" startTime="2026-07-25T12:04:11.9971641+00:00" endTime="2026-07-25T12:04:12.0023996+00:00" testType="13cdc9d9-ddb5-4fa4-a97d-d965ccfc6d4b" outcome="Passed" testListId="8c84fa94-04c1-424b-9868-57a2d4851a1d" relativeResultsDirectory="4b00e5d1-cfa6-4034-a222-8d484a84d076" />
    <UnitTestResult executionId="21ed4ae0-1c08-4bb4-ac68-c6aae21bd8b0" testId="c14b0172-f0b4-0612-3688-ac8dec2f7b2d" testName="SoftTuningNormalizationUsesCanonicalFallbacks" computerName="runnervmr7g38" duration="00:00:00.0000898" startTime="2026-07-25T12:04:12.0925619+00:00" endTime="2026-07-25T12:04:12.0927211+00:00" testType="13cdc9d9-ddb5-4fa4-a97d-d965ccfc6d4b" outcome="Passed" testListId="8c84fa94-04c1-424b-9868-57a2d4851a1d" relativeResultsDirectory="21ed4ae0-1c08-4bb4-ac68-c6aae21bd8b0" />
    <UnitTestResult executionId="5917ef36-e7ca-47ba-aa74-9d5bf9efd8d7" testId="c1b2d138-2004-5334-fd69-b9ad230703c2" testName="IdentityCacheIsBoundedAndRetainsRecentlyUsedEntry" computerName="runnervmr7g38" duration="00:00:00.0086729" startTime="2026-07-25T12:04:11.8959166+00:00" endTime="2026-07-25T12:04:11.9046994+00:00" testType="13cdc9d9-ddb5-4fa4-a97d-d965ccfc6d4b" outcome="Passed" testListId="8c84fa94-04c1-424b-9868-57a2d4851a1d" relativeResultsDirectory="5917ef36-e7ca-47ba-aa74-9d5bf9efd8d7" />
    <UnitTestResult executionId="a262cf0b-fc9c-470d-89ec-a5931e25d523" testId="f0f56ac9-0a17-0bc9-227b-f1ca265ac838" testName="UpdateTuningRejectsDetachedAndExactInvertProfiles" computerName="runnervmr7g38" duration="00:00:00.0004237" startTime="2026-07-25T12:04:12.1412436+00:00" endTime="2026-07-25T12:04:12.1417405+00:00" testType="13cdc9d9-ddb5-4fa4-a97d-d965ccfc6d4b" outcome="Passed" testListId="8c84fa94-04c1-424b-9868-57a2d4851a1d" relativeResultsDirectory="a262cf0b-fc9c-470d-89ec-a5931e25d523" />
    <UnitTestResult executionId="dc5818d4-90b4-4a13-9fb0-40846050c5db" testId="82a98967-c75f-bc73-0318-f4c5bfc835d4" testName="FailedPersistenceDoesNotPublishCandidateState" computerName="runnervmr7g38" duration="00:00:00.0024094" startTime="2026-07-25T12:04:12.0237598+00:00" endTime="2026-07-25T12:04:12.0262787+00:00" testType="13cdc9d9-ddb5-4fa4-a97d-d965ccfc6d4b" outcome="Passed" testListId="8c84fa94-04c1-424b-9868-57a2d4851a1d" relativeResultsDirectory="dc5818d4-90b4-4a13-9fb0-40846050c5db" />
    <UnitTestResult executionId="40c3db77-a91e-49d4-980a-7a8ba323fd5c" testId="8bfd224f-85aa-13b1-9429-7957be9daf33" testName="UnknownScopeIdentifierIsRejectedConsistently" computerName="runnervmr7g38" duration="00:00:00.0005208" startTime="2026-07-25T12:04:11.8935440+00:00" endTime="2026-07-25T12:04:11.8941688+00:00" testType="13cdc9d9-ddb5-4fa4-a97d-d965ccfc6d4b" outcome="Passed" testListId="8c84fa94-04c1-424b-9868-57a2d4851a1d" relativeResultsDirectory="40c3db77-a91e-49d4-980a-7a8ba323fd5c" />
    <UnitTestResult executionId="d69aa0fe-ba01-4936-877f-f77ed0f47e43" testId="3e0a184b-e12b-59b8-a31f-eee8265ce5a9" testName="DefaultSoftInvertLimitsOutput" computerName="runnervmr7g38" duration="00:00:00.0000987" startTime="2026-07-25T12:04:12.1372588+00:00" endTime="2026-07-25T12:04:12.1374200+00:00" testType="13cdc9d9-ddb5-4fa4-a97d-d965ccfc6d4b" outcome="Passed" testListId="8c84fa94-04c1-424b-9868-57a2d4851a1d" relativeResultsDirectory="d69aa0fe-ba01-4936-877f-f77ed0f47e43" />
    <UnitTestResult executionId="280ea80f-5c32-4bf6-afc8-83a651161eb8" testId="ac790ff7-7f1c-fc37-a784-d428f00b1ed7" testName="MenuProfileCanReturnToInheritance" computerName="runnervmr7g38" duration="00:00:00.0001821" startTime="2026-07-25T12:04:11.8640559+00:00" endTime="2026-07-25T12:04:11.8643260+00:00" testType="13cdc9d9-ddb5-4fa4-a97d-d965ccfc6d4b" outcome="Passed" testListId="8c84fa94-04c1-424b-9868-57a2d4851a1d" relativeResultsDirectory="280ea80f-5c32-4bf6-afc8-83a651161eb8" />
    <UnitTestResult executionId="107ae4a4-2b8e-460a-b36a-591a2e93022a" testId="20af6cd6-1c7e-fd52-7227-9cb5fe24b7a9" testName="ManualToggleActivatesAndSuppressesConfiguredTarget" computerName="runnervmr7g38" duration="00:00:00.0077802" startTime="2026-07-25T12:04:11.9865859+00:00" endTime="2026-07-25T12:04:11.9946245+00:00" testType="13cdc9d9-ddb5-4fa4-a97d-d965ccfc6d4b" outcome="Passed" testListId="8c84fa94-04c1-424b-9868-57a2d4851a1d" relativeResultsDirectory="107ae4a4-2b8e-460a-b36a-591a2e93022a" />
    <UnitTestResult executionId="796b7244-e1f5-447c-9516-6ee1bfb8d485" testId="288aafbe-d16f-552b-88ff-12ab4916e18e" testName="WorkingCopyDoesNotMutatePersistedProfile" computerName="runnervmr7g38" duration="00:00:00.0000706" startTime="2026-07-25T12:04:12.1417705+00:00" endTime="2026-07-25T12:04:12.1419026+00:00" testType="13cdc9d9-ddb5-4fa4-a97d-d965ccfc6d4b" outcome="Passed" testListId="8c84fa94-04c1-424b-9868-57a2d4851a1d" relativeResultsDirectory="796b7244-e1f5-447c-9516-6ee1bfb8d485" />
    <UnitTestResult executionId="0def3bdd-5026-4651-b14a-35953836e9b2" testId="c3c61e3f-f0a8-27aa-858b-9c02f3fbfa96" testName="LocalCommitRefreshesGridExactlyOnce" computerName="runnervmr7g38" duration="00:00:00.0164078" startTime="2026-07-25T12:04:12.1015579+00:00" endTime="2026-07-25T12:04:12.1181492+00:00" testType="13cdc9d9-ddb5-4fa4-a97d-d965ccfc6d4b" outcome="Passed" testListId="8c84fa94-04c1-424b-9868-57a2d4851a1d" relativeResultsDirectory="0def3bdd-5026-4651-b14a-35953836e9b2" />
    <UnitTestResult executionId="db56c974-d611-473b-88ad-b28538743abc" testId="27d11a57-517d-26a7-b6a5-80a405185809" testName="DeleteRejectsMissingFallbackWithoutChangingSettings" computerName="runnervmr7g38" duration="00:00:00.0003311" startTime="2026-07-25T12:04:12.0961703+00:00" endTime="2026-07-25T12:04:12.0965680+00:00" testType="13cdc9d9-ddb5-4fa4-a97d-d965ccfc6d4b" outcome="Passed" testListId="8c84fa94-04c1-424b-9868-57a2d4851a1d" relativeResultsDirectory="db56c974-d611-473b-88ad-b28538743abc" />
    <UnitTestResult executionId="f7cec1ad-e2e8-445f-be82-b106f8ff2a88" testId="ed373370-9fb7-d179-9ec2-14d86d393864" testName="NormalizeClampsSoftProfileParameters" computerName="runnervmr7g38" duration="00:00:00.0003227" startTime="2026-07-25T12:04:12.0503794+00:00" endTime="2026-07-25T12:04:12.0507922+00:00" testType="13cdc9d9-ddb5-4fa4-a97d-d965ccfc6d4b" outcome="Passed" testListId="8c84fa94-04c1-424b-9868-57a2d4851a1d" relativeResultsDirectory="f7cec1ad-e2e8-445f-be82-b106f8ff2a88" />
    <UnitTestResult executionId="d2553b70-2e24-49c1-ae2e-7d76a0bccb0f" testId="acb7a45f-33fb-6b4f-3873-73f00b4261a7" testName="DisabledAndCheckedPrioritiesRemainStable" computerName="runnervmr7g38" duration="00:00:00.0002454" startTime="2026-07-25T12:04:11.8618381+00:00" endTime="2026-07-25T12:04:11.8621690+00:00" testType="13cdc9d9-ddb5-4fa4-a97d-d965ccfc6d4b" outcome="Passed" testListId="8c84fa94-04c1-424b-9868-57a2d4851a1d" relativeResultsDirectory="d2553b70-2e24-49c1-ae2e-7d76a0bccb0f" />
[...]
    <TestEntry testId="f721ee91-a5cb-2539-b2aa-1325e787b768" executionId="840190fb-d2fc-4908-85b6-52e056b8807d" testListId="8c84fa94-04c1-424b-9868-57a2d4851a1d" />
    <TestEntry testId="0e1cf06c-fe29-c7a1-bc58-2b3cc8ac3a3b" executionId="8f803218-8d5c-443e-abc9-074dc12cacb3" testListId="8c84fa94-04c1-424b-9868-57a2d4851a1d" />
    <TestEntry testId="30dda173-f1eb-097b-4916-aa12b2ffaa4d" executionId="09f81c2c-1768-4a8e-afe7-20cd9d50d63b" testListId="8c84fa94-04c1-424b-9868-57a2d4851a1d" />
    <TestEntry testId="13c8de5f-bcaf-383f-e678-762493723579" executionId="0081a120-318c-4484-ae57-82ac427519fa" testListId="8c84fa94-04c1-424b-9868-57a2d4851a1d" />
    <TestEntry testId="f6cea487-f215-0076-c7b7-646746f28a78" executionId="5bde2f31-334d-4b88-a2a7-f0d5d8fb9b87" testListId="8c84fa94-04c1-424b-9868-57a2d4851a1d" />
    <TestEntry testId="f755d98e-0f00-761a-98f8-942f3852103b" executionId="919cfadd-52c5-42f9-80d7-897421a5795c" testListId="8c84fa94-04c1-424b-9868-57a2d4851a1d" />
    <TestEntry testId="3a49ddaf-bf7c-06d8-bfb1-3227425297b2" executionId="0b7711bc-42b6-4ef2-8f77-d9341fb91a72" testListId="8c84fa94-04c1-424b-9868-57a2d4851a1d" />
    <TestEntry testId="5f9e72cb-384a-bc0c-aed3-e44aad3190b8" executionId="21fa3755-ae89-402a-8473-c72281f37db0" testListId="8c84fa94-04c1-424b-9868-57a2d4851a1d" />
    <TestEntry testId="a049e92c-d586-5e01-1053-14c8175cd72b" executionId="f73c9d1f-e6f2-4514-83c7-98879392f3eb" testListId="8c84fa94-04c1-424b-9868-57a2d4851a1d" />
    <TestEntry testId="596171e5-65ed-e72d-59dd-43620d9147b3" executionId="0423867b-07f2-43fa-9f82-62a8e7f02548" testListId="8c84fa94-04c1-424b-9868-57a2d4851a1d" />
    <TestEntry testId="9ef95f5b-34e2-caeb-62d9-8036bce4d08b" executionId="5417fd80-2b59-411e-84d2-2460b6dc31f4" testListId="8c84fa94-04c1-424b-9868-57a2d4851a1d" />
    <TestEntry testId="ac373953-5ab0-c1bd-b61a-d1ae52862ea5" executionId="bd9adac7-a04b-41c2-9c7b-2dd42dd2377b" testListId="8c84fa94-04c1-424b-9868-57a2d4851a1d" />
    <TestEntry testId="9a1eabe4-47e7-db51-fb09-7ce7a67be753" executionId="9b41480a-c9c1-4ea3-988a-e7314ebd29bd" testListId="8c84fa94-04c1-424b-9868-57a2d4851a1d" />
    <TestEntry testId="a89e9217-5125-bf40-cc53-74ccd9a997ba" executionId="f73369fc-d4fa-4881-968a-d59932a173b6" testListId="8c84fa94-04c1-424b-9868-57a2d4851a1d" />
    <TestEntry testId="76f747fd-265f-eccd-bcf5-223fcae8cb4d" executionId="e858722b-d5f0-4fab-9d9e-aa6f07dc8114" testListId="8c84fa94-04c1-424b-9868-57a2d4851a1d" />
    <TestEntry testId="aebf8452-6a9d-a3a8-e9bd-9f4d9f61101b" executionId="8eedb29a-f8fa-4d95-918a-f1338b06a592" testListId="8c84fa94-04c1-424b-9868-57a2d4851a1d" />
    <TestEntry testId="c76f029d-dc44-275b-8380-78e8ac16b8a8" executionId="0dbab891-5879-4ab9-8d25-42424958e3b9" testListId="8c84fa94-04c1-424b-9868-57a2d4851a1d" />
    <TestEntry testId="c1748eaf-c625-2359-707b-767d0d154e1d" executionId="555d80e8-2f7f-4d03-baaf-59ae649939a1" testListId="8c84fa94-04c1-424b-9868-57a2d4851a1d" />
    <TestEntry testId="792331df-6daf-826d-0843-8075642e9c5f" executionId="7c36519c-91a4-4ac2-955b-deaada95e5ac" testListId="8c84fa94-04c1-424b-9868-57a2d4851a1d" />
    <TestEntry testId="d78e7468-d2ef-c14b-3994-c1d9489a2e74" executionId="f7e9e6a1-6c34-4ece-9d68-a6d4d807a82c" testListId="8c84fa94-04c1-424b-9868-57a2d4851a1d" />
    <TestEntry testId="39442e3c-d219-53b7-832a-bdbec0e6e524" executionId="eaa4e364-2bcb-4d44-a9b6-53b6234f5efe" testListId="8c84fa94-04c1-424b-9868-57a2d4851a1d" />
    <TestEntry testId="22fd21fc-33cb-aa13-191f-ebf4e635b946" executionId="4acc08a8-6925-4dbe-a22d-3f256ec72cd6" testListId="8c84fa94-04c1-424b-9868-57a2d4851a1d" />
    <TestEntry testId="ddb0c6d1-6d77-4a48-8c88-0260df1e34c8" executionId="d310b6d2-9276-4e05-bf3f-a275fcfc3e1b" testListId="8c84fa94-04c1-424b-9868-57a2d4851a1d" />
    <TestEntry testId="43e0acd0-1610-d5eb-c4fa-eb3e9640df90" executionId="b1545574-c4b0-4b62-8694-90fda1d1c70d" testListId="8c84fa94-04c1-424b-9868-57a2d4851a1d" />
    <TestEntry testId="ee887490-65a7-4012-cf54-d21081eafc45" executionId="45d88615-a129-486f-8028-0461ed586971" testListId="8c84fa94-04c1-424b-9868-57a2d4851a1d" />
    <TestEntry testId="1d2a9fc5-14bb-7792-b1e9-b5d0c73e6dc1" executionId="375070c5-b21e-45b7-9348-2a19afb2786d" testListId="8c84fa94-04c1-424b-9868-57a2d4851a1d" />
    <TestEntry testId="9a9234b7-80de-4636-8d24-c0bd43dd22e9" executionId="1cc528a9-497d-4808-a003-1da1c6790c1f" testListId="8c84fa94-04c1-424b-9868-57a2d4851a1d" />
    <TestEntry testId="2e58ca9c-2097-67f2-d44d-4f9aad4ffa38" executionId="81a3e740-4394-47b8-aac1-e0081a8c676b" testListId="8c84fa94-04c1-424b-9868-57a2d4851a1d" />
    <TestEntry testId="98ce0691-7126-52b6-0d90-11a85586c63e" executionId="b322ec07-b27a-4582-95a9-624eded1dc43" testListId="8c84fa94-04c1-424b-9868-57a2d4851a1d" />
    <TestEntry testId="d3c1e7b2-a525-1180-aa63-b5573ffa7526" executionId="d836a04b-51dd-4d50-a067-a6f671f32556" testListId="8c84fa94-04c1-424b-9868-57a2d4851a1d" />
    <TestEntry testId="092e2f74-d764-c24a-abb8-bacf2bac41d6" executionId="ce8d5e92-9cbf-472f-b04c-74f2e83d7658" testListId="8c84fa94-04c1-424b-9868-57a2d4851a1d" />
    <TestEntry testId="5dd622c1-337c-1546-3f03-bd4b52913249" executionId="b76a156a-e516-439b-945d-51afd1a03be3" testListId="8c84fa94-04c1-424b-9868-57a2d4851a1d" />
    <TestEntry testId="2c2abaee-fb41-4223-9a2b-b6b447ef6468" executionId="151e705a-2049-45d2-8657-7a04aed4ca6b" testListId="8c84fa94-04c1-424b-9868-57a2d4851a1d" />
    <TestEntry testId="de9abb9c-15eb-c619-e087-3b2db5fc58fb" executionId="d39be974-2c5f-464d-baee-4898ab93ec58" testListId="8c84fa94-04c1-424b-9868-57a2d4851a1d" />
    <TestEntry testId="417a1ac9-d1ec-e831-3ed7-915f34ba75d2" executionId="b7ea708f-f5c3-42fe-90b0-c177b4de9632" testListId="8c84fa94-04c1-424b-9868-57a2d4851a1d" />
    <TestEntry testId="2bb0ff91-4df6-61ec-1a9c-14567f908e9b" executionId="06b1fbe4-8aa9-42b6-b9c0-dbcf0fc7177a" testListId="8c84fa94-04c1-424b-9868-57a2d4851a1d" />
    <TestEntry testId="90952f75-6184-9ce2-bb67-11a608fa66dd" executionId="e2b14207-a334-42f6-a3d1-88f9e6ca6db3" testListId="8c84fa94-04c1-424b-9868-57a2d4851a1d" />
    <TestEntry testId="4c2beaa7-2410-dc82-8a12-4e71f8f3f95e" executionId="4655d352-8a47-437f-9a25-1df71263b8c4" testListId="8c84fa94-04c1-424b-9868-57a2d4851a1d" />
    <TestEntry testId="c615aa67-ba89-0500-da3f-48ee6712e2e7" executionId="1b19e9c0-b22e-454b-a969-fe4c5c48b317" testListId="8c84fa94-04c1-424b-9868-57a2d4851a1d" />
    <TestEntry testId="44626b42-c851-a40c-19ae-6ab8f2f61b90" executionId="fc1cddb3-899f-433b-acf6-2fbd0b1f21ad" testListId="8c84fa94-04c1-424b-9868-57a2d4851a1d" />
    <TestEntry testId="4378a987-5a2b-c298-f319-39bb2c7aa058" executionId="10109de8-5322-449b-8592-9c8a8b03cbc3" testListId="8c84fa94-04c1-424b-9868-57a2d4851a1d" />
    <TestEntry testId="b36e8fb4-1da8-a010-870e-4b85528f2e3a" executionId="6c7b4902-513a-421f-b147-b086ad925f10" testListId="8c84fa94-04c1-424b-9868-57a2d4851a1d" />
    <TestEntry testId="67f410d2-625d-1856-5294-6889cdefcf86" executionId="2cdb99af-a420-478c-ba25-0493f9c9326f" testListId="8c84fa94-04c1-424b-9868-57a2d4851a1d" />
    <TestEntry testId="f2da9d61-ed09-0b98-c85b-5439c8b63aed" executionId="43dbcff2-2c87-4cba-ab07-61d7bc2813ae" testListId="8c84fa94-04c1-424b-9868-57a2d4851a1d" />
    <TestEntry testId="fe6c7f81-40a8-40ed-e18b-4dd63bb1ecbd" executionId="ccce372d-dde5-4a92-a3d8-85b3a330ae3c" testListId="8c84fa94-04c1-424b-9868-57a2d4851a1d" />
    <TestEntry testId="14066edf-0b1d-2dcd-1e97-369099c43403" executionId="1faf9dd2-2b14-4e24-a89a-6c1d10f4a13e" testListId="8c84fa94-04c1-424b-9868-57a2d4851a1d" />
    <TestEntry testId="e60d2de4-a419-036c-5f95-398f53fc2b34" executionId="c52fb6c2-7629-47ed-885b-99b897d4617c" testListId="8c84fa94-04c1-424b-9868-57a2d4851a1d" />
    <TestEntry testId="d392e066-4074-5e0f-61a1-a68d4d1d4488" executionId="6ddfb99b-cb30-4c3e-80d0-fb7b5ea4da65" testListId="8c84fa94-04c1-424b-9868-57a2d4851a1d" />
    <TestEntry testId="f4be5ff6-cf4d-7453-095c-d31315c61f7e" executionId="5d132687-430a-4240-9334-fe648c101c70" testListId="8c84fa94-04c1-424b-9868-57a2d4851a1d" />
    <TestEntry testId="18f0cdef-fb2a-903b-ddfd-d7bd1d2ae314" executionId="73209ef4-7907-4a63-9b39-6d55751e1ecc" testListId="8c84fa94-04c1-424b-9868-57a2d4851a1d" />
    <TestEntry testId="bafa33f0-3d58-98df-7c9a-146d98f4cf68" executionId="342edd49-6b77-4f34-b0e3-96ec65e4d0a9" testListId="8c84fa94-04c1-424b-9868-57a2d4851a1d" />
    <TestEntry testId="4631cfc2-2cd5-a812-0dd7-eeab26bdb3be" executionId="c85a802c-97e1-47b7-96be-fb2024d1b544" testListId="8c84fa94-04c1-424b-9868-57a2d4851a1d" />
    <TestEntry testId="9b2de02c-7164-876f-202d-8f72e858e543" executionId="38c51af5-75fc-435d-8a38-729fd2c6e2f3" testListId="8c84fa94-04c1-424b-9868-57a2d4851a1d" />
    <TestEntry testId="98e1b671-4ad8-674b-ae78-2328388c537c" executionId="7a71eaa1-1532-406e-90f4-dd28a513a526" testListId="8c84fa94-04c1-424b-9868-57a2d4851a1d" />
    <TestEntry testId="7fcecb9f-1875-b20c-7549-c23006ff9af1" executionId="bca1bc42-dbdf-4c3c-ab8b-85952ea6c965" testListId="8c84fa94-04c1-424b-9868-57a2d4851a1d" />
    <TestEntry testId="4889f58a-20ba-272b-c447-29ed43630165" executionId="8a728df8-2eea-43c6-8bad-72bf007f35a8" testListId="8c84fa94-04c1-424b-9868-57a2d4851a1d" />
    <TestEntry testId="00bbdb25-7ee9-2cec-17ed-19c67e65c5e3" executionId="a39fc232-fef8-40f6-8c85-8da71ceab018" testListId="8c84fa94-04c1-424b-9868-57a2d4851a1d" />
    <TestEntry testId="edbb2e04-e2ff-04c6-18e9-1a80ec3c1e46" executionId="0fb603d9-a89e-4c96-8a76-13b41a1df094" testListId="8c84fa94-04c1-424b-9868-57a2d4851a1d" />
    <TestEntry testId="43cd96e8-d841-e3ab-e57a-7a441d034970" executionId="36d0fb9e-20f4-48c1-ba48-0faeddd00061" testListId="8c84fa94-04c1-424b-9868-57a2d4851a1d" />
    <TestEntry testId="2b8832e1-56a4-301b-d245-356cb72d9bc1" executionId="cb2b06de-bfc7-4de5-80fb-12114369ecb0" testListId="8c84fa94-04c1-424b-9868-57a2d4851a1d" />
    <TestEntry testId="cb43904d-2df6-ebfd-a1a3-587fdbe484b8" executionId="6919cb43-90b6-483a-bfdf-d53ad8885275" testListId="8c84fa94-04c1-424b-9868-57a2d4851a1d" />
    <TestEntry testId="12d20930-ce50-9924-e7f2-e57f590a82db" executionId="9da3ea65-6706-4697-99b4-24c3bbad0758" testListId="8c84fa94-04c1-424b-9868-57a2d4851a1d" />
    <TestEntry testId="7715c3d6-96e6-3fa1-e4ba-283f26ba1272" executionId="24d5e338-5929-416d-a34b-9ad499880319" testListId="8c84fa94-04c1-424b-9868-57a2d4851a1d" />
    <TestEntry testId="d0ea3436-3bc8-e3a3-c694-7f04f16af23f" executionId="4c6b778a-43ca-44a5-9124-268e6b80343c" testListId="8c84fa94-04c1-424b-9868-57a2d4851a1d" />
    <TestEntry testId="7c8cb8c4-531e-7a75-e406-519ea4778fb2" executionId="53ef80ea-de01-4b99-9fa2-3ef49aa64554" testListId="8c84fa94-04c1-424b-9868-57a2d4851a1d" />
    <TestEntry testId="82edcd3d-90f1-ebc5-4845-d66355140dee" executionId="0e287359-7955-4314-b703-235cf1f419a1" testListId="8c84fa94-04c1-424b-9868-57a2d4851a1d" />
    <TestEntry testId="84f2d376-90e8-a6ad-9590-ad507f6204aa" executionId="f162f690-32cd-4022-b636-716e4b6bf6a8" testListId="8c84fa94-04c1-424b-9868-57a2d4851a1d" />
    <TestEntry testId="f99270d3-1788-2034-f841-f418eddd417b" executionId="0aa9bbba-52f3-4ec9-930f-11a7545df3ef" testListId="8c84fa94-04c1-424b-9868-57a2d4851a1d" />
    <TestEntry testId="2e798028-e6ed-6644-b3ac-74ba8669d29d" executionId="18fe9860-4d41-4961-85cd-b8bbbb611974" testListId="8c84fa94-04c1-424b-9868-57a2d4851a1d" />
    <TestEntry testId="953f0978-27ab-8c09-8726-ce11128ad0a8" executionId="26b5231b-0191-4a60-b636-4e5dfe73f3ab" testListId="8c84fa94-04c1-424b-9868-57a2d4851a1d" />
    <TestEntry testId="8c497c7c-371b-429b-a485-50db65dc2ca9" executionId="1ae886e3-d0ec-43b4-8bca-49be236f89ea" testListId="8c84fa94-04c1-424b-9868-57a2d4851a1d" />
    <TestEntry testId="bb24ee5a-013b-3e01-6ca8-7f6198cdd8dd" executionId="75359004-fa30-4dde-a442-54b59926fd36" testListId="8c84fa94-04c1-424b-9868-57a2d4851a1d" />
    <TestEntry testId="c637eb3f-869e-cad4-0066-1c1568389046" executionId="8867b575-6173-44a6-a437-97d801973fc2" testListId="8c84fa94-04c1-424b-9868-57a2d4851a1d" />
    <TestEntry testId="ff639707-883d-6d80-2871-79236944fc86" executionId="623104a4-ba56-49ef-acbd-cf8260f92a97" testListId="8c84fa94-04c1-424b-9868-57a2d4851a1d" />
    <TestEntry testId="8b9c45c6-ff9f-0e89-1c26-7a66517f2ca0" executionId="083aa805-68fa-42d7-b51d-7b0bf18f597e" testListId="8c84fa94-04c1-424b-9868-57a2d4851a1d" />
    <TestEntry testId="dbf0048f-8fb8-8a52-c229-cfa81f9a3034" executionId="a208c03c-d46f-4fda-8228-b2e0a122608d" testListId="8c84fa94-04c1-424b-9868-57a2d4851a1d" />
    <TestEntry testId="ca2d7b03-4e78-59a0-22bb-75d3347f54e8" executionId="0e24e936-dab4-4b09-ac69-f07206fa858c" testListId="8c84fa94-04c1-424b-9868-57a2d4851a1d" />
    <TestEntry testId="8ff096c2-f5da-2bb4-554f-48c3fb51a1ef" executionId="8f637b20-3141-459a-b3ba-196dceb39cf9" testListId="8c84fa94-04c1-424b-9868-57a2d4851a1d" />
    <TestEntry testId="5d1ae0a2-2d10-e4d0-56cc-11b7a1b1fe2c" executionId="b92b9945-1503-48f9-8e12-31deb8e163cc" testListId="8c84fa94-04c1-424b-9868-57a2d4851a1d" />
    <TestEntry testId="61093be0-c21b-bd3f-d5a9-7a02d15ec25a" executionId="943f62c2-b988-4a05-a3f7-25aaf6a62ab7" testListId="8c84fa94-04c1-424b-9868-57a2d4851a1d" />
    <TestEntry testId="869fb7e4-2eea-55d2-aef9-eb8042f533aa" executionId="7ab0043f-a7c4-4fef-b413-a345d7839d9a" testListId="8c84fa94-04c1-424b-9868-57a2d4851a1d" />
    <TestEntry testId="34818fe2-b1e6-2ca4-6626-8f066f0c6369" executionId="f56aadd3-7605-41e1-b623-3f9725cf3ddf" testListId="8c84fa94-04c1-424b-9868-57a2d4851a1d" />
    <TestEntry testId="9290ad19-b782-ef91-454f-258c5c9fe6ed" executionId="04a4d22a-082f-41ab-94c7-4315f7728d47" testListId="8c84fa94-04c1-424b-9868-57a2d4851a1d" />
    <TestEntry testId="0acf13ff-8eac-0dbf-735f-07e6e2dc37f8" executionId="e4b8c6f6-33e9-489e-a998-f48281fbdb22" testListId="8c84fa94-04c1-424b-9868-57a2d4851a1d" />
    <TestEntry testId="f269c13b-f349-0f59-32fb-48d00db465a1" executionId="178209b3-b0cb-4eaa-8ac4-0f4ceabe5603" testListId="8c84fa94-04c1-424b-9868-57a2d4851a1d" />
    <TestEntry testId="046595c6-5caf-d02b-e2bf-3bc92355d247" executionId="7490c7fe-f330-4152-9e82-e16f54ac42b9" testListId="8c84fa94-04c1-424b-9868-57a2d4851a1d" />
    <TestEntry testId="3de3607e-4a8a-170b-0071-267e012cdf6e" executionId="69f8c2a8-019b-48d4-a6dc-630629a38ce8" testListId="8c84fa94-04c1-424b-9868-57a2d4851a1d" />
    <TestEntry testId="3671a9ca-bf88-7e65-33d8-ee1b8aa08c99" executionId="021e4638-0300-4aea-8141-36153d04c549" testListId="8c84fa94-04c1-424b-9868-57a2d4851a1d" />
    <TestEntry testId="e47df030-7452-8a1f-12d4-1a4242efda55" executionId="d5ed5724-28b7-4cdf-b344-59c35bff025b" testListId="8c84fa94-04c1-424b-9868-57a2d4851a1d" />
    <TestEntry testId="3766ef41-9cce-4132-4830-e5a4784a5a21" executionId="19238b3c-f29d-4633-b139-4e0e602afdc6" testListId="8c84fa94-04c1-424b-9868-57a2d4851a1d" />
    <TestEntry testId="e450fdc5-23d3-7bd0-9c1a-1978e9271274" executionId="a1ce6df8-b4ef-4efe-bf50-938148ddb763" testListId="8c84fa94-04c1-424b-9868-57a2d4851a1d" />
    <TestEntry testId="6589f887-b38c-2036-12f1-0f7cd573d00c" executionId="4a5daa44-5aad-4721-9958-3e4a83bbf937" testListId="8c84fa94-04c1-424b-9868-57a2d4851a1d" />
    <TestEntry testId="f0f768f9-f9a1-f66d-8674-2a493445a72e" executionId="718e64fd-e4b9-47a4-9d34-cd238b8c7d78" testListId="8c84fa94-04c1-424b-9868-57a2d4851a1d" />
    <TestEntry testId="b2432385-bc3f-2bf8-e7b6-1201764bde57" executionId="80b9bc02-7ec0-4ade-aeed-5771da624d37" testListId="8c84fa94-04c1-424b-9868-57a2d4851a1d" />
    <TestEntry testId="08b12816-f1e6-69a7-2126-c2d2e6444c28" executionId="868c6638-4202-42a3-921d-7abf81e7ba3a" testListId="8c84fa94-04c1-424b-9868-57a2d4851a1d" />
    <TestEntry testId="bb91b0a2-10de-50b2-26ab-c0d149aab8d8" executionId="cf5d691b-6d46-407f-89a9-f98b3d45c679" testListId="8c84fa94-04c1-424b-9868-57a2d4851a1d" />
    <TestEntry testId="039497a2-d156-f9f8-2599-cf00ee54e8c4" executionId="22631c64-4011-4893-ba05-78ffa10f3d70" testListId="8c84fa94-04c1-424b-9868-57a2d4851a1d" />
    <TestEntry testId="610cc033-2665-3388-bf68-86862d21d7ee" executionId="1b79bf11-7d16-4710-9b2d-73707448f146" testListId="8c84fa94-04c1-424b-9868-57a2d4851a1d" />
    <TestEntry testId="c8527552-0590-d32c-8076-e99e6c901b44" executionId="db1b0f5e-4368-47a7-bdc7-9a1ed577b9c5" testListId="8c84fa94-04c1-424b-9868-57a2d4851a1d" />
    <TestEntry testId="8226ae2a-e8d9-e617-bf45-2a2cfbad2d20" executionId="ac3ef40f-d32c-48f0-ab4b-d7b93af866e3" testListId="8c84fa94-04c1-424b-9868-57a2d4851a1d" />
    <TestEntry testId="3b8a5dc6-8836-48ac-1b29-a49342e6ff85" executionId="4b00e5d1-cfa6-4034-a222-8d484a84d076" testListId="8c84fa94-04c1-424b-9868-57a2d4851a1d" />
    <TestEntry testId="c14b0172-f0b4-0612-3688-ac8dec2f7b2d" executionId="21ed4ae0-1c08-4bb4-ac68-c6aae21bd8b0" testListId="8c84fa94-04c1-424b-9868-57a2d4851a1d" />
    <TestEntry testId="c1b2d138-2004-5334-fd69-b9ad230703c2" executionId="5917ef36-e7ca-47ba-aa74-9d5bf9efd8d7" testListId="8c84fa94-04c1-424b-9868-57a2d4851a1d" />
    <TestEntry testId="f0f56ac9-0a17-0bc9-227b-f1ca265ac838" executionId="a262cf0b-fc9c-470d-89ec-a5931e25d523" testListId="8c84fa94-04c1-424b-9868-57a2d4851a1d" />
    <TestEntry testId="82a98967-c75f-bc73-0318-f4c5bfc835d4" executionId="dc5818d4-90b4-4a13-9fb0-40846050c5db" testListId="8c84fa94-04c1-424b-9868-57a2d4851a1d" />
    <TestEntry testId="8bfd224f-85aa-13b1-9429-7957be9daf33" executionId="40c3db77-a91e-49d4-980a-7a8ba323fd5c" testListId="8c84fa94-04c1-424b-9868-57a2d4851a1d" />
    <TestEntry testId="3e0a184b-e12b-59b8-a31f-eee8265ce5a9" executionId="d69aa0fe-ba01-4936-877f-f77ed0f47e43" testListId="8c84fa94-04c1-424b-9868-57a2d4851a1d" />
    <TestEntry testId="ac790ff7-7f1c-fc37-a784-d428f00b1ed7" executionId="280ea80f-5c32-4bf6-afc8-83a651161eb8" testListId="8c84fa94-04c1-424b-9868-57a2d4851a1d" />
    <TestEntry testId="20af6cd6-1c7e-fd52-7227-9cb5fe24b7a9" executionId="107ae4a4-2b8e-460a-b36a-591a2e93022a" testListId="8c84fa94-04c1-424b-9868-57a2d4851a1d" />
    <TestEntry testId="288aafbe-d16f-552b-88ff-12ab4916e18e" executionId="796b7244-e1f5-447c-9516-6ee1bfb8d485" testListId="8c84fa94-04c1-424b-9868-57a2d4851a1d" />
    <TestEntry testId="c3c61e3f-f0a8-27aa-858b-9c02f3fbfa96" executionId="0def3bdd-5026-4651-b14a-35953836e9b2" testListId="8c84fa94-04c1-424b-9868-57a2d4851a1d" />
    <TestEntry testId="27d11a57-517d-26a7-b6a5-80a405185809" executionId="db56c974-d611-473b-88ad-b28538743abc" testListId="8c84fa94-04c1-424b-9868-57a2d4851a1d" />
    <TestEntry testId="ed373370-9fb7-d179-9ec2-14d86d393864" executionId="f7cec1ad-e2e8-445f-be82-b106f8ff2a88" testListId="8c84fa94-04c1-424b-9868-57a2d4851a1d" />
    <TestEntry testId="acb7a45f-33fb-6b4f-3873-73f00b4261a7" executionId="d2553b70-2e24-49c1-ae2e-7d76a0bccb0f" testListId="8c84fa94-04c1-424b-9868-57a2d4851a1d" />
    <TestEntry testId="999f45ea-dd0a-e7b2-c612-0cbe935b5fe3" executionId="d52f6e50-0445-49ed-9f5f-fd94d4ff38d1" testListId="8c84fa94-04c1-424b-9868-57a2d4851a1d" />
    <TestEntry testId="e61747b0-198b-9a07-b333-239401ed5fd2" executionId="9a562412-ab68-4ecd-9e75-fd650391911c" testListId="8c84fa94-04c1-424b-9868-57a2d4851a1d" />
    <TestEntry testId="48375024-8fdd-1d45-10cb-3d15f6c1b27f" executionId="c19ae91e-538d-4bf5-be20-02738d4c0822" testListId="8c84fa94-04c1-424b-9868-57a2d4851a1d" />
  </TestEntries>
  <TestLists>
    <TestList name="Results Not in a List" id="8c84fa94-04c1-424b-9868-57a2d4851a1d" />
    <TestList name="All Loaded Results" id="19431567-8539-422a-85d7-44ee4e166bda" />
  </TestLists>
  <ResultSummary outcome="Completed">
    <Counters total="161" executed="161" passed="161" failed="0" error="0" timeout="0" aborted="0" inconclusive="0" passedButRunAborted="0" notRunnable="0" notExecuted="0" disconnected="0" warning="0" completed="0" inProgress="0" pending="0" />
  </ResultSummary>
</TestRun>